[0.011s] Invoking command in '/home/mhenkel/Documents/hi_decklink_ros2/build/hi_decklink_ros2': CMAKE_PREFIX_PATH=${CMAKE_PREFIX_PATH}:/opt/ros/jazzy DEBUGINFOD_URLS=https://debuginfod.ubuntu.com /usr/bin/cmake --build /home/mhenkel/Documents/hi_decklink_ros2/build/hi_decklink_ros2 -- -j8 -l8
[0.065s] [ 44%] Built target decklink
[0.096s] [ 59%] Built target deckmonitor
[0.096s] [ 62%] Built target deckview
[0.096s] [ 66%] Built target deckstatus
[0.096s] [ 74%] Built target deckquery
[0.098s] [ 81%] Built target deckoutput
[0.103s] [ 88%] Built target img2ros
[0.119s] [ 92%] [32mBuilding CXX object CMakeFiles/publisher.dir/src/decklink_camera_driver.cpp.o[0m
[7.468s] [ 96%] [32m[1mLinking CXX executable publisher[0m
[8.004s] [100%] Built target publisher
[8.090s] Invoked command in '/home/mhenkel/Documents/hi_decklink_ros2/build/hi_decklink_ros2' returned '0': CMAKE_PREFIX_PATH=${CMAKE_PREFIX_PATH}:/opt/ros/jazzy DEBUGINFOD_URLS=https://debuginfod.ubuntu.com /usr/bin/cmake --build /home/mhenkel/Documents/hi_decklink_ros2/build/hi_decklink_ros2 -- -j8 -l8
[8.114s] Invoking command in '/home/mhenkel/Documents/hi_decklink_ros2/build/hi_decklink_ros2': CMAKE_PREFIX_PATH=${CMAKE_PREFIX_PATH}:/opt/ros/jazzy DEBUGINFOD_URLS=https://debuginfod.ubuntu.com /usr/bin/cmake --install /home/mhenkel/Documents/hi_decklink_ros2/build/hi_decklink_ros2
[8.132s] -- Install configuration: "Debug"
[8.133s] -- Execute custom install script
[8.134s] -- Up-to-date symlink: /home/mhenkel/Documents/hi_decklink_ros2/install/hi_decklink_ros2/lib/hi_decklink_ros2/img2ros
[8.134s] -- Up-to-date symlink: /home/mhenkel/Documents/hi_decklink_ros2/install/hi_decklink_ros2/lib/hi_decklink_ros2/publisher
[8.135s] -- Up-to-date symlink: /home/mhenkel/Documents/hi_decklink_ros2/install/hi_decklink_ros2/lib/libdecklink.a
[8.135s] -- Up-to-date symlink: /home/mhenkel/Documents/hi_decklink_ros2/install/hi_decklink_ros2/share/ament_index/resource_index/package_run_dependencies/hi_decklink_ros2
[8.136s] -- Up-to-date symlink: /home/mhenkel/Documents/hi_decklink_ros2/install/hi_decklink_ros2/share/ament_index/resource_index/parent_prefix_path/hi_decklink_ros2
[8.136s] -- Up-to-date symlink: /home/mhenkel/Documents/hi_decklink_ros2/install/hi_decklink_ros2/share/hi_decklink_ros2/environment/ament_prefix_path.sh
[8.137s] -- Up-to-date symlink: /home/mhenkel/Documents/hi_decklink_ros2/install/hi_decklink_ros2/share/hi_decklink_ros2/environment/ament_prefix_path.dsv
[8.137s] -- Up-to-date symlink: /home/mhenkel/Documents/hi_decklink_ros2/install/hi_decklink_ros2/share/hi_decklink_ros2/environment/path.sh
[8.138s] -- Up-to-date symlink: /home/mhenkel/Documents/hi_decklink_ros2/install/hi_decklink_ros2/share/hi_decklink_ros2/environment/path.dsv
[8.138s] -- Up-to-date symlink: /home/mhenkel/Documents/hi_decklink_ros2/install/hi_decklink_ros2/share/hi_decklink_ros2/local_setup.bash
[8.138s] -- Up-to-date symlink: /home/mhenkel/Documents/hi_decklink_ros2/install/hi_decklink_ros2/share/hi_decklink_ros2/local_setup.sh
[8.139s] -- Up-to-date symlink: /home/mhenkel/Documents/hi_decklink_ros2/install/hi_decklink_ros2/share/hi_decklink_ros2/local_setup.zsh
[8.139s] -- Up-to-date symlink: /home/mhenkel/Documents/hi_decklink_ros2/install/hi_decklink_ros2/share/hi_decklink_ros2/local_setup.dsv
[8.139s] -- Symlinking: /home/mhenkel/Documents/hi_decklink_ros2/install/hi_decklink_ros2/share/hi_decklink_ros2/package.dsv
[8.153s] -- Up-to-date symlink: /home/mhenkel/Documents/hi_decklink_ros2/install/hi_decklink_ros2/share/ament_index/resource_index/packages/hi_decklink_ros2
[8.153s] -- Up-to-date symlink: /home/mhenkel/Documents/hi_decklink_ros2/install/hi_decklink_ros2/share/hi_decklink_ros2/cmake/ament_cmake_export_include_directories-extras.cmake
[8.153s] -- Up-to-date symlink: /home/mhenkel/Documents/hi_decklink_ros2/install/hi_decklink_ros2/share/hi_decklink_ros2/cmake/ament_cmake_export_dependencies-extras.cmake
[8.153s] -- Up-to-date symlink: /home/mhenkel/Documents/hi_decklink_ros2/install/hi_decklink_ros2/share/hi_decklink_ros2/cmake/hi_decklink_ros2Config.cmake
[8.154s] -- Up-to-date symlink: /home/mhenkel/Documents/hi_decklink_ros2/install/hi_decklink_ros2/share/hi_decklink_ros2/cmake/hi_decklink_ros2Config-version.cmake
[8.154s] -- Up-to-date symlink: /home/mhenkel/Documents/hi_decklink_ros2/install/hi_decklink_ros2/share/hi_decklink_ros2/package.xml
[8.154s] -- Up-to-date: /home/mhenkel/Documents/hi_decklink_ros2/install/hi_decklink_ros2/share/hi_decklink_ros2/launch
[8.154s] -- Up-to-date: /home/mhenkel/Documents/hi_decklink_ros2/install/hi_decklink_ros2/share/hi_decklink_ros2/launch/full-MPI.xml
[8.236s] Invoked command in '/home/mhenkel/Documents/hi_decklink_ros2/build/hi_decklink_ros2' returned '0': CMAKE_PREFIX_PATH=${CMAKE_PREFIX_PATH}:/opt/ros/jazzy DEBUGINFOD_URLS=https://debuginfod.ubuntu.com /usr/bin/cmake --install /home/mhenkel/Documents/hi_decklink_ros2/build/hi_decklink_ros2
