[0.027s] Invoking command in '/home/mhenkel/Documents/hi_decklink_ros2/build/hi_decklink_ros2': DEBUGINFOD_URLS=https://debuginfod.ubuntu.com /usr/bin/cmake /home/mhenkel/Documents/hi_decklink_ros2 -DCMAKE_INSTALL_PREFIX=/home/mhenkel/Documents/hi_decklink_ros2/install/hi_decklink_ros2
[0.773s] -- The C compiler identification is GNU 13.3.0
[1.302s] -- The CXX compiler identification is GNU 13.3.0
[1.436s] -- Detecting C compiler ABI info
[1.792s] -- Detecting C compiler ABI info - done
[1.808s] -- Check for working C compiler: /usr/bin/cc - skipped
[1.808s] -- Detecting C compile features
[1.809s] -- Detecting C compile features - done
[1.840s] -- Detecting CXX compiler ABI info
[2.002s] -- Detecting CXX compiler ABI info - done
[2.012s] -- Check for working CXX compiler: /usr/bin/c++ - skipped
[2.012s] -- Detecting CXX compile features
[2.012s] -- Detecting CXX compile features - done
[2.067s] -- Found Boost: /usr/lib/x86_64-linux-gnu/cmake/Boost-1.83.0/BoostConfig.cmake (found version "1.83.0") found components: exception program_options 
[2.082s] -- Performing Test CMAKE_HAVE_LIBC_PTHREAD
[2.325s] -- Performing Test CMAKE_HAVE_LIBC_PTHREAD - Success
[2.326s] -- Found Threads: TRUE  
[2.329s] -- Could NOT find Doxygen (missing: DOXYGEN_EXECUTABLE) 
[2.329s] [0mDoxygen need to be installed to generate the doxygen documentation[0m
[2.349s] -- Found ament_cmake: 2.5.4 (/opt/ros/jazzy/share/ament_cmake/cmake)
[2.602s] -- Found Python3: /usr/bin/python3 (found version "3.12.3") found components: Interpreter 
[2.816s] -- Found rclcpp: 28.1.10 (/opt/ros/jazzy/share/rclcpp/cmake)
[3.040s] -- Found rosidl_generator_c: 4.6.5 (/opt/ros/jazzy/share/rosidl_generator_c/cmake)
[3.068s] -- Found rosidl_generator_cpp: 4.6.5 (/opt/ros/jazzy/share/rosidl_generator_cpp/cmake)
[3.102s] -- Using all available rosidl_typesupport_c: rosidl_typesupport_fastrtps_c;rosidl_typesupport_introspection_c
[3.139s] -- Using all available rosidl_typesupport_cpp: rosidl_typesupport_fastrtps_cpp;rosidl_typesupport_introspection_cpp
[3.295s] -- Found rmw_implementation_cmake: 7.3.2 (/opt/ros/jazzy/share/rmw_implementation_cmake/cmake)
[3.313s] -- Found rmw_fastrtps_cpp: 8.4.2 (/opt/ros/jazzy/share/rmw_fastrtps_cpp/cmake)
[3.606s] -- Found OpenSSL: /usr/lib/x86_64-linux-gnu/libcrypto.so (found version "3.0.13")  
[3.632s] -- Found FastRTPS: /opt/ros/jazzy/include (Required is at least version "2.13") 
[3.655s] -- Using RMW implementation 'rmw_fastrtps_cpp' as default
[3.795s] -- Found image_transport: 5.1.7 (/opt/ros/jazzy/share/image_transport/cmake)
[4.017s] [31mCMake Error at CMakeLists.txt:22 (find_package):
[4.017s]   By not providing "Findcamera_info_manager.cmake" in CMAKE_MODULE_PATH this
[4.018s]   project has asked CMake to find a package configuration file provided by
[4.018s]   "camera_info_manager", but CMake did not find one.
[4.018s] 
[4.018s]   Could not find a package configuration file provided by
[4.018s]   "camera_info_manager" with any of the following names:
[4.018s] 
[4.019s]     camera_info_managerConfig.cmake
[4.019s]     camera_info_manager-config.cmake
[4.019s] 
[4.019s]   Add the installation prefix of "camera_info_manager" to CMAKE_PREFIX_PATH
[4.019s]   or set "camera_info_manager_DIR" to a directory containing one of the above
[4.019s]   files.  If "camera_info_manager" provides a separate development package or
[4.020s]   SDK, be sure it has been installed.
[4.020s] 
[4.020s] [0m
[4.020s] -- Configuring incomplete, errors occurred!
[4.029s] Invoked command in '/home/mhenkel/Documents/hi_decklink_ros2/build/hi_decklink_ros2' returned '1': DEBUGINFOD_URLS=https://debuginfod.ubuntu.com /usr/bin/cmake /home/mhenkel/Documents/hi_decklink_ros2 -DCMAKE_INSTALL_PREFIX=/home/mhenkel/Documents/hi_decklink_ros2/install/hi_decklink_ros2
