[0.009s] Invoking command in '/home/mhenkel/Documents/hi_decklink_ros2/build/hi_decklink_ros2': CMAKE_PREFIX_PATH=${CMAKE_PREFIX_PATH}:/opt/ros/jazzy DEBUGINFOD_URLS=https://debuginfod.ubuntu.com /usr/bin/cmake --build /home/mhenkel/Documents/hi_decklink_ros2/build/hi_decklink_ros2 -- -j8 -l8
[0.064s] [ 41%] Built target decklink
[0.091s] [ 44%] [32mBuilding CXX object CMakeFiles/subscriber.dir/src/subscriber.cpp.o[0m
[0.095s] [ 65%] Built target deckview
[0.095s] [ 65%] Built target deckmonitor
[0.096s] [ 65%] Built target deckstatus
[0.096s] [ 72%] Built target deckquery
[0.100s] [ 86%] Built target deckoutput
[0.100s] [ 86%] Built target img2ros
[0.114s] [ 96%] Built target publisher
[3.066s] [01m[K/home/mhenkel/Documents/hi_decklink_ros2/src/subscriber.cpp:31:36:[m[K [01;31m[Kerror: [m[K‘[01m[KBool[m[K’ in namespace ‘[01m[Kstd_msgs[m[K’ does not name a type
[3.066s]    31 | void writeCallback(const std_msgs::[01;31m[KBool[m[K &msg) {
[3.067s]       |                                    [01;31m[K^~~~[m[K
[3.067s] [01m[K/home/mhenkel/Documents/hi_decklink_ros2/src/subscriber.cpp:[m[K In function ‘[01m[Kvoid[01;32m[K writeCallback[m[K(const int&)[m[K’:
[3.067s] [01m[K/home/mhenkel/Documents/hi_decklink_ros2/src/subscriber.cpp:32:24:[m[K [01;31m[Kerror: [m[Krequest for member ‘[01m[Kdata[m[K’ in ‘[01m[Kmsg[m[K’, which is of non-class type ‘[01m[Kconst int[m[K’
[3.067s]    32 |     output_write = msg.[01;31m[Kdata[m[K;
[3.067s]       |                        [01;31m[K^~~~[m[K
[3.067s] [01m[K/home/mhenkel/Documents/hi_decklink_ros2/src/subscriber.cpp:[m[K At global scope:
[3.067s] [01m[K/home/mhenkel/Documents/hi_decklink_ros2/src/subscriber.cpp:44:28:[m[K [01;31m[Kerror: [m[K‘[01m[KImage[m[K’ in namespace ‘[01m[Ksensor_msgs[m[K’ does not name a type
[3.067s]    44 |         const sensor_msgs::[01;31m[KImage[m[K::ConstPtr &image
[3.068s]       |                            [01;31m[K^~~~~[m[K
[3.068s] [01m[K/home/mhenkel/Documents/hi_decklink_ros2/src/subscriber.cpp:44:44:[m[K [01;31m[Kerror: [m[Kexpected unqualified-id before ‘[01m[K&[m[K’ token
[3.068s]    44 |         const sensor_msgs::Image::ConstPtr [01;31m[K&[m[Kimage
[3.068s]       |                                            [01;31m[K^[m[K
[3.068s] [01m[K/home/mhenkel/Documents/hi_decklink_ros2/src/subscriber.cpp:44:43:[m[K [01;31m[Kerror: [m[Kexpected ‘[01m[K)[m[K’ before ‘[01m[K&[m[K’ token
[3.069s]    44 |         const sensor_msgs::Image::ConstPtr[01;31m[K [m[K[32m[K&[m[Kimage
[3.069s]       |                                           [01;31m[K^[m[K[32m[K~[m[K
[3.069s]       |                                           [32m[K)[m[K
[3.069s] [01m[K/home/mhenkel/Documents/hi_decklink_ros2/src/subscriber.cpp:40:21:[m[K [01;36m[Knote: [m[Kto match this ‘[01m[K([m[K’
[3.069s]    40 | void OnFrameReceived[01;36m[K([m[K
[3.069s]       |                     [01;36m[K^[m[K
[3.070s] [01m[K/home/mhenkel/Documents/hi_decklink_ros2/src/subscriber.cpp:44:45:[m[K [01;31m[Kerror: [m[Kexpected initializer before ‘[01m[Kimage[m[K’
[3.070s]    44 |         const sensor_msgs::Image::ConstPtr &[01;31m[Kimage[m[K
[3.070s]       |                                             [01;31m[K^~~~~[m[K
[3.070s] [01m[K/home/mhenkel/Documents/hi_decklink_ros2/src/subscriber.cpp:[m[K In function ‘[01m[Kint[01;32m[K main[m[K(int, char**)[m[K’:
[3.070s] [01m[K/home/mhenkel/Documents/hi_decklink_ros2/src/subscriber.cpp:126:60:[m[K [01;31m[Kerror: [m[Kno match for ‘[01m[Koperator=[m[K’ (operand types are ‘[01m[Kstd::string[m[K’ {aka ‘[01m[Kstd::__cxx11::basic_string<char>[m[K’} and ‘[01m[Krclcpp::Parameter[m[K’)
[3.070s]   126 |         device_name = node->get_parameter("decklink_device"[01;31m[K)[m[K
[3.071s]       |                                                            [01;31m[K^[m[K
[3.071s] In file included from [01m[K/usr/include/c++/13/string:54[m[K,
[3.071s]                  from [01m[K/opt/ros/jazzy/include/rclcpp/rclcpp/copy_all_parameter_values.hpp:18[m[K,
[3.071s]                  from [01m[K/opt/ros/jazzy/include/rclcpp/rclcpp/rclcpp.hpp:171[m[K,
[3.071s]                  from [01m[K/home/mhenkel/Documents/hi_decklink_ros2/src/subscriber.cpp:12[m[K:
[3.071s] [01m[K/usr/include/c++/13/bits/basic_string.h:936:8:[m[K [01;36m[Knote: [m[Kcandidate: ‘[01m[Ktemplate<class _Tp> std::__cxx11::basic_string<_CharT, _Traits, _Alloc>::_If_sv<_Tp, std::__cxx11::basic_string<_CharT, _Traits, _Alloc>&> std::__cxx11::basic_string<_CharT, _Traits, _Alloc>::[01;32m[Koperator=[m[K(const _Tp&) [35m[K[with _CharT = char; _Traits = std::char_traits<char>; _Alloc = std::allocator<char>][m[K[m[K’
[3.071s]   936 |        [01;36m[Koperator[m[K=(const _Tp& __svt)
[3.071s]       |        [01;36m[K^~~~~~~~[m[K
[3.072s] [01m[K/usr/include/c++/13/bits/basic_string.h:936:8:[m[K [01;36m[Knote: [m[K  template argument deduction/substitution failed:
[3.072s] In file included from [01m[K/usr/include/c++/13/bits/move.h:37[m[K,
[3.072s]                  from [01m[K/usr/include/c++/13/bits/new_allocator.h:36[m[K,
[3.072s]                  from [01m[K/usr/include/x86_64-linux-gnu/c++/13/bits/c++allocator.h:33[m[K,
[3.072s]                  from [01m[K/usr/include/c++/13/bits/allocator.h:46[m[K,
[3.072s]                  from [01m[K/usr/include/c++/13/memory:65[m[K,
[3.072s]                  from [01m[K/opt/ros/jazzy/include/rclcpp/rclcpp/rclcpp.hpp:169[m[K:
[3.073s] /usr/include/c++/13/type_traits: In substitution of ‘[01m[Ktemplate<bool _Cond, class _Tp> using std::enable_if_t = typename std::enable_if::type [35m[K[with bool _Cond = false; _Tp = std::__cxx11::basic_string<char>&][m[K[m[K’:
[3.073s] [01m[K/usr/include/c++/13/bits/basic_string.h:144:8:[m[K   required by substitution of ‘[01m[Ktemplate<class _CharT, class _Traits, class _Alloc> template<class _Tp, class _Res> using std::__cxx11::basic_string<_CharT, _Traits, _Alloc>::_If_sv = std::enable_if_t<std::__and_<std::is_convertible<const _Tp&, std::basic_string_view<_CharT, _Traits> >, std::__not_<std::is_convertible<const _Tp*, const std::__cxx11::basic_string<_CharT, _Traits, _Alloc>*> >, std::__not_<std::is_convertible<const _Tp&, const _CharT*> > >::value, _Res> [35m[K[with _Tp = rclcpp::Parameter; _Res = std::__cxx11::basic_string<char>&; _CharT = char; _Traits = std::char_traits<char>; _Alloc = std::allocator<char>][m[K[m[K’
[3.073s] [01m[K/usr/include/c++/13/bits/basic_string.h:936:8:[m[K   required by substitution of ‘[01m[Ktemplate<class _Tp> std::__cxx11::basic_string<char>::_If_sv<_Tp, std::__cxx11::basic_string<char>&> std::__cxx11::basic_string<char>::[01;32m[Koperator=[m[K(const _Tp&) [35m[K[with _Tp = rclcpp::Parameter][m[K[m[K’
[3.073s] [01m[K/home/mhenkel/Documents/hi_decklink_ros2/src/subscriber.cpp:126:60:[m[K   required from here
[3.073s] [01m[K/usr/include/c++/13/type_traits:2610:11:[m[K [01;31m[Kerror: [m[Kno type named ‘[01m[Ktype[m[K’ in ‘[01m[Kstruct std::enable_if<false, std::__cxx11::basic_string<char>&>[m[K’
[3.073s]  2610 |     using [01;31m[Kenable_if_t[m[K = typename enable_if<_Cond, _Tp>::type;
[3.073s]       |           [01;31m[K^~~~~~~~~~~[m[K
[3.073s] [01m[K/usr/include/c++/13/bits/basic_string.h:812:7:[m[K [01;36m[Knote: [m[Kcandidate: ‘[01m[Kstd::__cxx11::basic_string<_CharT, _Traits, _Alloc>& std::__cxx11::basic_string<_CharT, _Traits, _Alloc>::[01;32m[Koperator=[m[K(const std::__cxx11::basic_string<_CharT, _Traits, _Alloc>&) [35m[K[with _CharT = char; _Traits = std::char_traits<char>; _Alloc = std::allocator<char>][m[K[m[K’
[3.074s]   812 |       [01;36m[Koperator[m[K=(const basic_string& __str)
[3.074s]       |       [01;36m[K^~~~~~~~[m[K
[3.074s] [01m[K/usr/include/c++/13/bits/basic_string.h:812:37:[m[K [01;36m[Knote: [m[K  no known conversion for argument 1 from ‘[01m[Krclcpp::Parameter[m[K’ to ‘[01m[Kconst std::__cxx11::basic_string<char>&[m[K’
[3.074s]   812 |       operator=([01;36m[Kconst basic_string& __str[m[K)
[3.074s]       |                 [01;36m[K~~~~~~~~~~~~~~~~~~~~^~~~~[m[K
[3.074s] [01m[K/usr/include/c++/13/bits/basic_string.h:823:7:[m[K [01;36m[Knote: [m[Kcandidate: ‘[01m[Kstd::__cxx11::basic_string<_CharT, _Traits, _Alloc>& std::__cxx11::basic_string<_CharT, _Traits, _Alloc>::[01;32m[Koperator=[m[K(const _CharT*) [35m[K[with _CharT = char; _Traits = std::char_traits<char>; _Alloc = std::allocator<char>][m[K[m[K’
[3.074s]   823 |       [01;36m[Koperator[m[K=(const _CharT* __s)
[3.075s]       |       [01;36m[K^~~~~~~~[m[K
[3.075s] [01m[K/usr/include/c++/13/bits/basic_string.h:823:31:[m[K [01;36m[Knote: [m[K  no known conversion for argument 1 from ‘[01m[Krclcpp::Parameter[m[K’ to ‘[01m[Kconst char*[m[K’
[3.075s]   823 |       operator=([01;36m[Kconst _CharT* __s[m[K)
[3.075s]       |                 [01;36m[K~~~~~~~~~~~~~~^~~[m[K
[3.075s] [01m[K/usr/include/c++/13/bits/basic_string.h:835:7:[m[K [01;36m[Knote: [m[Kcandidate: ‘[01m[Kstd::__cxx11::basic_string<_CharT, _Traits, _Alloc>& std::__cxx11::basic_string<_CharT, _Traits, _Alloc>::[01;32m[Koperator=[m[K(_CharT) [35m[K[with _CharT = char; _Traits = std::char_traits<char>; _Alloc = std::allocator<char>][m[K[m[K’
[3.075s]   835 |       [01;36m[Koperator[m[K=(_CharT __c)
[3.075s]       |       [01;36m[K^~~~~~~~[m[K
[3.075s] [01m[K/usr/include/c++/13/bits/basic_string.h:835:24:[m[K [01;36m[Knote: [m[K  no known conversion for argument 1 from ‘[01m[Krclcpp::Parameter[m[K’ to ‘[01m[Kchar[m[K’
[3.076s]   835 |       operator=([01;36m[K_CharT __c[m[K)
[3.076s]       |                 [01;36m[K~~~~~~~^~~[m[K
[3.076s] [01m[K/usr/include/c++/13/bits/basic_string.h:853:7:[m[K [01;36m[Knote: [m[Kcandidate: ‘[01m[Kstd::__cxx11::basic_string<_CharT, _Traits, _Alloc>& std::__cxx11::basic_string<_CharT, _Traits, _Alloc>::[01;32m[Koperator=[m[K(std::__cxx11::basic_string<_CharT, _Traits, _Alloc>&&) [35m[K[with _CharT = char; _Traits = std::char_traits<char>; _Alloc = std::allocator<char>][m[K[m[K’
[3.076s]   853 |       [01;36m[Koperator[m[K=(basic_string&& __str)
[3.076s]       |       [01;36m[K^~~~~~~~[m[K
[3.076s] [01m[K/usr/include/c++/13/bits/basic_string.h:853:32:[m[K [01;36m[Knote: [m[K  no known conversion for argument 1 from ‘[01m[Krclcpp::Parameter[m[K’ to ‘[01m[Kstd::__cxx11::basic_string<char>&&[m[K’
[3.076s]   853 |       operator=([01;36m[Kbasic_string&& __str[m[K)
[3.076s]       |                 [01;36m[K~~~~~~~~~~~~~~~^~~~~[m[K
[3.077s] [01m[K/usr/include/c++/13/bits/basic_string.h:921:7:[m[K [01;36m[Knote: [m[Kcandidate: ‘[01m[Kstd::__cxx11::basic_string<_CharT, _Traits, _Alloc>& std::__cxx11::basic_string<_CharT, _Traits, _Alloc>::[01;32m[Koperator=[m[K(std::initializer_list<_Tp>) [35m[K[with _CharT = char; _Traits = std::char_traits<char>; _Alloc = std::allocator<char>][m[K[m[K’
[3.077s]   921 |       [01;36m[Koperator[m[K=(initializer_list<_CharT> __l)
[3.077s]       |       [01;36m[K^~~~~~~~[m[K
[3.077s] [01m[K/usr/include/c++/13/bits/basic_string.h:921:42:[m[K [01;36m[Knote: [m[K  no known conversion for argument 1 from ‘[01m[Krclcpp::Parameter[m[K’ to ‘[01m[Kstd::initializer_list<char>[m[K’
[3.077s]   921 |       operator=([01;36m[Kinitializer_list<_CharT> __l[m[K)
[3.077s]       |                 [01;36m[K~~~~~~~~~~~~~~~~~~~~~~~~~^~~[m[K
[3.078s] [01m[K/home/mhenkel/Documents/hi_decklink_ros2/src/subscriber.cpp:141:44:[m[K [01;31m[Kerror: [m[Kno match for ‘[01m[Koperator=[m[K’ (operand types are ‘[01m[Kstd::string[m[K’ {aka ‘[01m[Kstd::__cxx11::basic_string<char>[m[K’} and ‘[01m[Krclcpp::Parameter[m[K’)
[3.078s]   141 |         topic = node->get_parameter("topic"[01;31m[K)[m[K
[3.078s]       |                                            [01;31m[K^[m[K
[3.078s] [01m[K/usr/include/c++/13/bits/basic_string.h:936:8:[m[K [01;36m[Knote: [m[Kcandidate: ‘[01m[Ktemplate<class _Tp> std::__cxx11::basic_string<_CharT, _Traits, _Alloc>::_If_sv<_Tp, std::__cxx11::basic_string<_CharT, _Traits, _Alloc>&> std::__cxx11::basic_string<_CharT, _Traits, _Alloc>::[01;32m[Koperator=[m[K(const _Tp&) [35m[K[with _CharT = char; _Traits = std::char_traits<char>; _Alloc = std::allocator<char>][m[K[m[K’
[3.078s]   936 |        [01;36m[Koperator[m[K=(const _Tp& __svt)
[3.078s]       |        [01;36m[K^~~~~~~~[m[K
[3.078s] [01m[K/usr/include/c++/13/bits/basic_string.h:936:8:[m[K [01;36m[Knote: [m[K  template argument deduction/substitution failed:
[3.079s] [01m[K/usr/include/c++/13/bits/basic_string.h:812:7:[m[K [01;36m[Knote: [m[Kcandidate: ‘[01m[Kstd::__cxx11::basic_string<_CharT, _Traits, _Alloc>& std::__cxx11::basic_string<_CharT, _Traits, _Alloc>::[01;32m[Koperator=[m[K(const std::__cxx11::basic_string<_CharT, _Traits, _Alloc>&) [35m[K[with _CharT = char; _Traits = std::char_traits<char>; _Alloc = std::allocator<char>][m[K[m[K’
[3.079s]   812 |       [01;36m[Koperator[m[K=(const basic_string& __str)
[3.079s]       |       [01;36m[K^~~~~~~~[m[K
[3.079s] [01m[K/usr/include/c++/13/bits/basic_string.h:812:37:[m[K [01;36m[Knote: [m[K  no known conversion for argument 1 from ‘[01m[Krclcpp::Parameter[m[K’ to ‘[01m[Kconst std::__cxx11::basic_string<char>&[m[K’
[3.079s]   812 |       operator=([01;36m[Kconst basic_string& __str[m[K)
[3.079s]       |                 [01;36m[K~~~~~~~~~~~~~~~~~~~~^~~~~[m[K
[3.079s] [01m[K/usr/include/c++/13/bits/basic_string.h:823:7:[m[K [01;36m[Knote: [m[Kcandidate: ‘[01m[Kstd::__cxx11::basic_string<_CharT, _Traits, _Alloc>& std::__cxx11::basic_string<_CharT, _Traits, _Alloc>::[01;32m[Koperator=[m[K(const _CharT*) [35m[K[with _CharT = char; _Traits = std::char_traits<char>; _Alloc = std::allocator<char>][m[K[m[K’
[3.080s]   823 |       [01;36m[Koperator[m[K=(const _CharT* __s)
[3.080s]       |       [01;36m[K^~~~~~~~[m[K
[3.080s] [01m[K/usr/include/c++/13/bits/basic_string.h:823:31:[m[K [01;36m[Knote: [m[K  no known conversion for argument 1 from ‘[01m[Krclcpp::Parameter[m[K’ to ‘[01m[Kconst char*[m[K’
[3.080s]   823 |       operator=([01;36m[Kconst _CharT* __s[m[K)
[3.080s]       |                 [01;36m[K~~~~~~~~~~~~~~^~~[m[K
[3.080s] [01m[K/usr/include/c++/13/bits/basic_string.h:835:7:[m[K [01;36m[Knote: [m[Kcandidate: ‘[01m[Kstd::__cxx11::basic_string<_CharT, _Traits, _Alloc>& std::__cxx11::basic_string<_CharT, _Traits, _Alloc>::[01;32m[Koperator=[m[K(_CharT) [35m[K[with _CharT = char; _Traits = std::char_traits<char>; _Alloc = std::allocator<char>][m[K[m[K’
[3.080s]   835 |       [01;36m[Koperator[m[K=(_CharT __c)
[3.081s]       |       [01;36m[K^~~~~~~~[m[K
[3.081s] [01m[K/usr/include/c++/13/bits/basic_string.h:835:24:[m[K [01;36m[Knote: [m[K  no known conversion for argument 1 from ‘[01m[Krclcpp::Parameter[m[K’ to ‘[01m[Kchar[m[K’
[3.081s]   835 |       operator=([01;36m[K_CharT __c[m[K)
[3.081s]       |                 [01;36m[K~~~~~~~^~~[m[K
[3.081s] [01m[K/usr/include/c++/13/bits/basic_string.h:853:7:[m[K [01;36m[Knote: [m[Kcandidate: ‘[01m[Kstd::__cxx11::basic_string<_CharT, _Traits, _Alloc>& std::__cxx11::basic_string<_CharT, _Traits, _Alloc>::[01;32m[Koperator=[m[K(std::__cxx11::basic_string<_CharT, _Traits, _Alloc>&&) [35m[K[with _CharT = char; _Traits = std::char_traits<char>; _Alloc = std::allocator<char>][m[K[m[K’
[3.081s]   853 |       [01;36m[Koperator[m[K=(basic_string&& __str)
[3.081s]       |       [01;36m[K^~~~~~~~[m[K
[3.081s] [01m[K/usr/include/c++/13/bits/basic_string.h:853:32:[m[K [01;36m[Knote: [m[K  no known conversion for argument 1 from ‘[01m[Krclcpp::Parameter[m[K’ to ‘[01m[Kstd::__cxx11::basic_string<char>&&[m[K’
[3.082s]   853 |       operator=([01;36m[Kbasic_string&& __str[m[K)
[3.082s]       |                 [01;36m[K~~~~~~~~~~~~~~~^~~~~[m[K
[3.082s] [01m[K/usr/include/c++/13/bits/basic_string.h:921:7:[m[K [01;36m[Knote: [m[Kcandidate: ‘[01m[Kstd::__cxx11::basic_string<_CharT, _Traits, _Alloc>& std::__cxx11::basic_string<_CharT, _Traits, _Alloc>::[01;32m[Koperator=[m[K(std::initializer_list<_Tp>) [35m[K[with _CharT = char; _Traits = std::char_traits<char>; _Alloc = std::allocator<char>][m[K[m[K’
[3.082s]   921 |       [01;36m[Koperator[m[K=(initializer_list<_CharT> __l)
[3.082s]       |       [01;36m[K^~~~~~~~[m[K
[3.082s] [01m[K/usr/include/c++/13/bits/basic_string.h:921:42:[m[K [01;36m[Knote: [m[K  no known conversion for argument 1 from ‘[01m[Krclcpp::Parameter[m[K’ to ‘[01m[Kstd::initializer_list<char>[m[K’
[3.082s]   921 |       operator=([01;36m[Kinitializer_list<_CharT> __l[m[K)
[3.082s]       |                 [01;36m[K~~~~~~~~~~~~~~~~~~~~~~~~~^~~[m[K
[3.083s] [01m[K/home/mhenkel/Documents/hi_decklink_ros2/src/subscriber.cpp:153:51:[m[K [01;31m[Kerror: [m[Kno match for ‘[01m[Koperator=[m[K’ (operand types are ‘[01m[Kstd::string[m[K’ {aka ‘[01m[Kstd::__cxx11::basic_string<char>[m[K’} and ‘[01m[Krclcpp::Parameter[m[K’)
[3.083s]   153 |         topic = node->get_parameter("image_format"[01;31m[K)[m[K
[3.083s]       |                                                   [01;31m[K^[m[K
[3.083s] [01m[K/usr/include/c++/13/bits/basic_string.h:936:8:[m[K [01;36m[Knote: [m[Kcandidate: ‘[01m[Ktemplate<class _Tp> std::__cxx11::basic_string<_CharT, _Traits, _Alloc>::_If_sv<_Tp, std::__cxx11::basic_string<_CharT, _Traits, _Alloc>&> std::__cxx11::basic_string<_CharT, _Traits, _Alloc>::[01;32m[Koperator=[m[K(const _Tp&) [35m[K[with _CharT = char; _Traits = std::char_traits<char>; _Alloc = std::allocator<char>][m[K[m[K’
[3.083s]   936 |        [01;36m[Koperator[m[K=(const _Tp& __svt)
[3.083s]       |        [01;36m[K^~~~~~~~[m[K
[3.083s] [01m[K/usr/include/c++/13/bits/basic_string.h:936:8:[m[K [01;36m[Knote: [m[K  template argument deduction/substitution failed:
[3.083s] [01m[K/usr/include/c++/13/bits/basic_string.h:812:7:[m[K [01;36m[Knote: [m[Kcandidate: ‘[01m[Kstd::__cxx11::basic_string<_CharT, _Traits, _Alloc>& std::__cxx11::basic_string<_CharT, _Traits, _Alloc>::[01;32m[Koperator=[m[K(const std::__cxx11::basic_string<_CharT, _Traits, _Alloc>&) [35m[K[with _CharT = char; _Traits = std::char_traits<char>; _Alloc = std::allocator<char>][m[K[m[K’
[3.083s]   812 |       [01;36m[Koperator[m[K=(const basic_string& __str)
[3.084s]       |       [01;36m[K^~~~~~~~[m[K
[3.084s] [01m[K/usr/include/c++/13/bits/basic_string.h:812:37:[m[K [01;36m[Knote: [m[K  no known conversion for argument 1 from ‘[01m[Krclcpp::Parameter[m[K’ to ‘[01m[Kconst std::__cxx11::basic_string<char>&[m[K’
[3.084s]   812 |       operator=([01;36m[Kconst basic_string& __str[m[K)
[3.084s]       |                 [01;36m[K~~~~~~~~~~~~~~~~~~~~^~~~~[m[K
[3.084s] [01m[K/usr/include/c++/13/bits/basic_string.h:823:7:[m[K [01;36m[Knote: [m[Kcandidate: ‘[01m[Kstd::__cxx11::basic_string<_CharT, _Traits, _Alloc>& std::__cxx11::basic_string<_CharT, _Traits, _Alloc>::[01;32m[Koperator=[m[K(const _CharT*) [35m[K[with _CharT = char; _Traits = std::char_traits<char>; _Alloc = std::allocator<char>][m[K[m[K’
[3.084s]   823 |       [01;36m[Koperator[m[K=(const _CharT* __s)
[3.084s]       |       [01;36m[K^~~~~~~~[m[K
[3.084s] [01m[K/usr/include/c++/13/bits/basic_string.h:823:31:[m[K [01;36m[Knote: [m[K  no known conversion for argument 1 from ‘[01m[Krclcpp::Parameter[m[K’ to ‘[01m[Kconst char*[m[K’
[3.084s]   823 |       operator=([01;36m[Kconst _CharT* __s[m[K)
[3.084s]       |                 [01;36m[K~~~~~~~~~~~~~~^~~[m[K
[3.085s] [01m[K/usr/include/c++/13/bits/basic_string.h:835:7:[m[K [01;36m[Knote: [m[Kcandidate: ‘[01m[Kstd::__cxx11::basic_string<_CharT, _Traits, _Alloc>& std::__cxx11::basic_string<_CharT, _Traits, _Alloc>::[01;32m[Koperator=[m[K(_CharT) [35m[K[with _CharT = char; _Traits = std::char_traits<char>; _Alloc = std::allocator<char>][m[K[m[K’
[3.085s]   835 |       [01;36m[Koperator[m[K=(_CharT __c)
[3.085s]       |       [01;36m[K^~~~~~~~[m[K
[3.085s] [01m[K/usr/include/c++/13/bits/basic_string.h:835:24:[m[K [01;36m[Knote: [m[K  no known conversion for argument 1 from ‘[01m[Krclcpp::Parameter[m[K’ to ‘[01m[Kchar[m[K’
[3.085s]   835 |       operator=([01;36m[K_CharT __c[m[K)
[3.085s]       |                 [01;36m[K~~~~~~~^~~[m[K
[3.085s] [01m[K/usr/include/c++/13/bits/basic_string.h:853:7:[m[K [01;36m[Knote: [m[Kcandidate: ‘[01m[Kstd::__cxx11::basic_string<_CharT, _Traits, _Alloc>& std::__cxx11::basic_string<_CharT, _Traits, _Alloc>::[01;32m[Koperator=[m[K(std::__cxx11::basic_string<_CharT, _Traits, _Alloc>&&) [35m[K[with _CharT = char; _Traits = std::char_traits<char>; _Alloc = std::allocator<char>][m[K[m[K’
[3.085s]   853 |       [01;36m[Koperator[m[K=(basic_string&& __str)
[3.085s]       |       [01;36m[K^~~~~~~~[m[K
[3.086s] [01m[K/usr/include/c++/13/bits/basic_string.h:853:32:[m[K [01;36m[Knote: [m[K  no known conversion for argument 1 from ‘[01m[Krclcpp::Parameter[m[K’ to ‘[01m[Kstd::__cxx11::basic_string<char>&&[m[K’
[3.086s]   853 |       operator=([01;36m[Kbasic_string&& __str[m[K)
[3.086s]       |                 [01;36m[K~~~~~~~~~~~~~~~^~~~~[m[K
[3.086s] [01m[K/usr/include/c++/13/bits/basic_string.h:921:7:[m[K [01;36m[Knote: [m[Kcandidate: ‘[01m[Kstd::__cxx11::basic_string<_CharT, _Traits, _Alloc>& std::__cxx11::basic_string<_CharT, _Traits, _Alloc>::[01;32m[Koperator=[m[K(std::initializer_list<_Tp>) [35m[K[with _CharT = char; _Traits = std::char_traits<char>; _Alloc = std::allocator<char>][m[K[m[K’
[3.086s]   921 |       [01;36m[Koperator[m[K=(initializer_list<_CharT> __l)
[3.086s]       |       [01;36m[K^~~~~~~~[m[K
[3.086s] [01m[K/usr/include/c++/13/bits/basic_string.h:921:42:[m[K [01;36m[Knote: [m[K  no known conversion for argument 1 from ‘[01m[Krclcpp::Parameter[m[K’ to ‘[01m[Kstd::initializer_list<char>[m[K’
[3.086s]   921 |       operator=([01;36m[Kinitializer_list<_CharT> __l[m[K)
[3.086s]       |                 [01;36m[K~~~~~~~~~~~~~~~~~~~~~~~~~^~~[m[K
[3.086s] [01m[K/home/mhenkel/Documents/hi_decklink_ros2/src/subscriber.cpp:201:41:[m[K [01;31m[Kerror: [m[Kcannot convert ‘[01m[Krclcpp::Parameter[m[K’ to ‘[01m[Kbool[m[K’ in assignment
[3.087s]   201 |         use_keying = [01;31m[Knode->get_parameter("keying")[m[K
[3.087s]       |                      [01;31m[K~~~~~~~~~~~~~~~~~~~^~~~~~~~~~[m[K
[3.087s]       |                                         [01;31m[K|[m[K
[3.087s]       |                                         [01;31m[Krclcpp::Parameter[m[K
[3.087s] [01m[K/home/mhenkel/Documents/hi_decklink_ros2/src/subscriber.cpp:218:32:[m[K [01;31m[Kerror: [m[K‘[01m[Kbind[m[K’ is not a member of ‘[01m[Kboost[m[K’; did you mean ‘[01m[Kstd::bind[m[K’?
[3.087s]   218 |         auto frame_cb = boost::[01;31m[Kbind[m[K(OnFrameReceived,
[3.087s]       |                                [01;31m[K^~~~[m[K
[3.087s] In file included from [01m[K/opt/ros/jazzy/include/rclcpp/rclcpp/utilities.hpp:19[m[K,
[3.087s]                  from [01m[K/opt/ros/jazzy/include/rclcpp/rclcpp/logging.hpp:25[m[K,
[3.087s]                  from [01m[K/opt/ros/jazzy/include/rclcpp/rclcpp/copy_all_parameter_values.hpp:27[m[K:
[3.088s] [01m[K/usr/include/c++/13/functional:906:5:[m[K [01;36m[Knote: [m[K‘[01m[Kstd::bind[m[K’ declared here
[3.088s]   906 |     [01;36m[Kbind[m[K(_Func&& __f, _BoundArgs&&... __args)
[3.088s]       |     [01;36m[K^~~~[m[K
[3.092s] [01m[K/home/mhenkel/Documents/hi_decklink_ros2/src/subscriber.cpp:218:37:[m[K [01;31m[Kerror: [m[K‘[01m[KOnFrameReceived[m[K’ was not declared in this scope
[3.093s]   218 |         auto frame_cb = boost::bind([01;31m[KOnFrameReceived[m[K,
[3.093s]       |                                     [01;31m[K^~~~~~~~~~~~~~~[m[K
[3.095s] [01m[K/home/mhenkel/Documents/hi_decklink_ros2/src/subscriber.cpp:219:102:[m[K [01;31m[Kerror: [m[K‘[01m[K_1[m[K’ was not declared in this scope; did you mean ‘[01m[Kstd::placeholders::_1[m[K’?
[3.095s]   219 |                                     std::ref(device.output()), pixel_format, std::ref(display_mode), [01;31m[K_1[m[K);
[3.095s]       |                                                                                                      [01;31m[K^~[m[K
[3.095s]       |                                                                                                      [32m[Kstd::placeholders::_1[m[K
[3.095s] [01m[K/usr/include/c++/13/functional:294:48:[m[K [01;36m[Knote: [m[K‘[01m[Kstd::placeholders::_1[m[K’ declared here
[3.096s]   294 |     _GLIBCXX_PLACEHOLDER const _Placeholder<1> [01;36m[K_1[m[K;
[3.096s]       |                                                [01;36m[K^~[m[K
[3.096s] [01m[K/home/mhenkel/Documents/hi_decklink_ros2/src/subscriber.cpp:225:50:[m[K [01;31m[Kerror: [m[Kno matching function for call to ‘[01m[Krclcpp::Node::create_subscription(const char [22], int, void (&)(const int&))[m[K’
[3.096s]   225 |         auto sub_full = [01;31m[Knode->create_subscription("function/output_write", 1, writeCallback)[m[K
[3.096s]       |                         [01;31m[K~~~~~~~~~~~~~~~~~~~~~~~~~^~~~~~~~~~~~~~~~~~~~~~~~~~~~~~~~~~~~~~~~~~~[m[K
[3.096s] In file included from [01m[K/opt/ros/jazzy/include/rclcpp/rclcpp/executors/single_threaded_executor.hpp:28[m[K,
[3.096s]                  from [01m[K/opt/ros/jazzy/include/rclcpp/rclcpp/executors.hpp:22[m[K,
[3.097s]                  from [01m[K/opt/ros/jazzy/include/rclcpp/rclcpp/rclcpp.hpp:172[m[K:
[3.097s] [01m[K/opt/ros/jazzy/include/rclcpp/rclcpp/node.hpp:221:3:[m[K [01;36m[Knote: [m[Kcandidate: ‘[01m[Ktemplate<class MessageT, class CallbackT, class AllocatorT, class SubscriptionT, class MessageMemoryStrategyT> std::shared_ptr<ROSMessageT> rclcpp::Node::[01;32m[Kcreate_subscription[m[K(const std::string&, const rclcpp::QoS&, CallbackT&&, const rclcpp::SubscriptionOptionsWithAllocator<AllocatorT>&, typename MessageMemoryStrategyT::SharedPtr)[m[K’
[3.097s]   221 |   [01;36m[Kcreate_subscription[m[K(
[3.097s]       |   [01;36m[K^~~~~~~~~~~~~~~~~~~[m[K
[3.097s] [01m[K/opt/ros/jazzy/include/rclcpp/rclcpp/node.hpp:221:3:[m[K [01;36m[Knote: [m[K  template argument deduction/substitution failed:
[3.097s] [01m[K/home/mhenkel/Documents/hi_decklink_ros2/src/subscriber.cpp:225:50:[m[K [01;36m[Knote: [m[K  couldn’t deduce template parameter ‘[01m[KMessageT[m[K’
[3.097s]   225 |         auto sub_full = [01;36m[Knode->create_subscription("function/output_write", 1, writeCallback)[m[K
[3.098s]       |                         [01;36m[K~~~~~~~~~~~~~~~~~~~~~~~~~^~~~~~~~~~~~~~~~~~~~~~~~~~~~~~~~~~~~~~~~~~~[m[K
[3.098s] [01m[K/home/mhenkel/Documents/hi_decklink_ros2/src/subscriber.cpp:228:9:[m[K [01;31m[Kerror: [m[Kexpected ‘[01m[K,[m[K’ or ‘[01m[K;[m[K’ before ‘[01m[Kwhile[m[K’
[3.098s]   228 |         [01;31m[KRCLCPP_INFO_STREAM[m[K(node->get_logger(),"Subscriber ready. Waiting for frames ...");
[3.098s]       |         [01;31m[K^~~~~~~~~~~~~~~~~~[m[K
[4.512s] gmake[2]: *** [CMakeFiles/subscriber.dir/build.make:76: CMakeFiles/subscriber.dir/src/subscriber.cpp.o] Error 1
[4.513s] gmake[1]: *** [CMakeFiles/Makefile2:196: CMakeFiles/subscriber.dir/all] Error 2
[4.513s] gmake: *** [Makefile:146: all] Error 2
[4.516s] Invoked command in '/home/mhenkel/Documents/hi_decklink_ros2/build/hi_decklink_ros2' returned '2': CMAKE_PREFIX_PATH=${CMAKE_PREFIX_PATH}:/opt/ros/jazzy DEBUGINFOD_URLS=https://debuginfod.ubuntu.com /usr/bin/cmake --build /home/mhenkel/Documents/hi_decklink_ros2/build/hi_decklink_ros2 -- -j8 -l8
