-- Could NOT find Doxygen (missing: DOXYGEN_EXECUTABLE) 
-- Found ament_cmake: 2.5.4 (/opt/ros/jazzy/share/ament_cmake/cmake)
-- Found rclcpp: 28.1.10 (/opt/ros/jazzy/share/rclcpp/cmake)
-- Found rosidl_generator_c: 4.6.5 (/opt/ros/jazzy/share/rosidl_generator_c/cmake)
-- Found rosidl_generator_cpp: 4.6.5 (/opt/ros/jazzy/share/rosidl_generator_cpp/cmake)
-- Using all available rosidl_typesupport_c: rosidl_typesupport_fastrtps_c;rosidl_typesupport_introspection_c
-- Using all available rosidl_typesupport_cpp: rosidl_typesupport_fastrtps_cpp;rosidl_typesupport_introspection_cpp
-- Found rmw_implementation_cmake: 7.3.2 (/opt/ros/jazzy/share/rmw_implementation_cmake/cmake)
-- Found rmw_fastrtps_cpp: 8.4.2 (/opt/ros/jazzy/share/rmw_fastrtps_cpp/cmake)
-- Using RMW implementation 'rmw_fastrtps_cpp' as default
-- Found image_transport: 5.1.7 (/opt/ros/jazzy/share/image_transport/cmake)
-- Found camera_info_manager: 5.1.7 (/opt/ros/jazzy/share/camera_info_manager/cmake)
-- Setting yaml-cpp_DIR to: '/opt/ros/jazzy/share/yaml_cpp_vendor/cmake/../../../opt/yaml_cpp_vendor/share/cmake/yaml-cpp'
-- Found cv_bridge: 4.1.0 (/opt/ros/jazzy/share/cv_bridge/cmake)
-- Configuring done (0.7s)
-- Generating done (0.1s)
-- Build files have been written to: /home/mhenkel/Documents/hi_decklink_ros2/build/hi_decklink_ros2
[ 16%] [32mBuilding CXX object vendor/libdecklink/CMakeFiles/decklink.dir/src/libdecklink/device.cpp.o[0m
[ 16%] [32mBuilding CXX object vendor/libdecklink/CMakeFiles/decklink.dir/src/libdecklink/display_mode.cpp.o[0m
[ 16%] [32mBuilding CXX object vendor/libdecklink/CMakeFiles/decklink.dir/src/libdecklink/device_input_interface.cpp.o[0m
[ 16%] [32mBuilding CXX object vendor/libdecklink/CMakeFiles/decklink.dir/src/libdecklink/types.cpp.o[0m
[ 25%] [32mBuilding CXX object vendor/libdecklink/CMakeFiles/decklink.dir/src/libdecklink/video_output_frame.cpp.o[0m
[ 29%] [32mBuilding CXX object vendor/libdecklink/CMakeFiles/decklink.dir/src/libdecklink/video_frame.cpp.o[0m
[ 33%] [32mBuilding CXX object vendor/libdecklink/CMakeFiles/decklink.dir/src/libdecklink/device_output_interface.cpp.o[0m
[ 33%] [32mBuilding CXX object vendor/libdecklink/CMakeFiles/decklink.dir/src/libdecklink/video_input_frame.cpp.o[0m
[ 37%] [32mBuilding CXX object vendor/libdecklink/CMakeFiles/decklink.dir/src/libdecklink/capture_callback.cpp.o[0m
[ 41%] [32mBuilding CXX object vendor/libdecklink/CMakeFiles/decklink.dir/src/libdecklink/notification_callback.cpp.o[0m
[ 45%] [32mBuilding CXX object vendor/libdecklink/CMakeFiles/decklink.dir/include/decklink_sdk/DeckLinkAPIDispatch.cpp.o[0m
[ 50%] [32m[1mLinking CXX static library libdecklink.a[0m
[ 50%] Built target decklink
[ 54%] [32mBuilding CXX object vendor/libdecklink/CMakeFiles/deckquery.dir/src/deckquery.cpp.o[0m
[ 58%] [32mBuilding CXX object vendor/libdecklink/CMakeFiles/deckoutput.dir/src/deckoutput.cpp.o[0m
[ 62%] [32mBuilding CXX object CMakeFiles/img2ros.dir/src/img2ros.cpp.o[0m
[ 66%] [32mBuilding CXX object vendor/libdecklink/CMakeFiles/deckstatus.dir/src/deckstatus.cpp.o[0m
[ 75%] [32mBuilding CXX object vendor/libdecklink/CMakeFiles/deckview.dir/src/deckview.cpp.o[0m
[ 75%] [32mBuilding CXX object vendor/libdecklink/CMakeFiles/deckmonitor.dir/src/deckmonitor.cpp.o[0m
[ 79%] [32m[1mLinking CXX executable deckmonitor[0m
[ 83%] [32m[1mLinking CXX executable deckquery[0m
[ 87%] [32m[1mLinking CXX executable deckview[0m
[ 87%] Built target deckquery
[ 87%] Built target deckmonitor
[ 91%] [32m[1mLinking CXX executable deckstatus[0m
[ 91%] Built target deckview
[ 91%] Built target deckstatus
[ 95%] [32m[1mLinking CXX executable deckoutput[0m
[ 95%] Built target deckoutput
