[0.010s] Invoking command in '/home/mhenkel/Documents/hi_decklink_ros2/build/hi_decklink_ros2': CMAKE_PREFIX_PATH=${CMAKE_PREFIX_PATH}:/opt/ros/jazzy DEBUGINFOD_URLS=https://debuginfod.ubuntu.com /usr/bin/cmake --build /home/mhenkel/Documents/hi_decklink_ros2/build/hi_decklink_ros2 -- -j8 -l8
[0.043s] -- Could NOT find Doxygen (missing: DOXYGEN_EXECUTABLE) 
[0.043s] [0mDoxygen need to be installed to generate the doxygen documentation[0m
[0.051s] -- Found ament_cmake: 2.5.4 (/opt/ros/jazzy/share/ament_cmake/cmake)
[0.240s] -- Override CMake install command with custom implementation using symlinks instead of copying resources
[0.248s] -- Found rclcpp: 28.1.11 (/opt/ros/jazzy/share/rclcpp/cmake)
[0.274s] -- Found rosidl_generator_c: 4.6.6 (/opt/ros/jazzy/share/rosidl_generator_c/cmake)
[0.283s] -- Found rosidl_generator_cpp: 4.6.6 (/opt/ros/jazzy/share/rosidl_generator_cpp/cmake)
[0.295s] -- Using all available rosidl_typesupport_c: rosidl_typesupport_fastrtps_c;rosidl_typesupport_introspection_c
[0.309s] -- Using all available rosidl_typesupport_cpp: rosidl_typesupport_fastrtps_cpp;rosidl_typesupport_introspection_cpp
[0.373s] -- Found rmw_implementation_cmake: 7.3.2 (/opt/ros/jazzy/share/rmw_implementation_cmake/cmake)
[0.374s] -- Found rmw_fastrtps_cpp: 8.4.3 (/opt/ros/jazzy/share/rmw_fastrtps_cpp/cmake)
[0.438s] -- Using RMW implementation 'rmw_fastrtps_cpp' as default
[0.505s] -- Found image_transport: 5.1.7 (/opt/ros/jazzy/share/image_transport/cmake)
[0.569s] -- Found camera_info_manager: 5.1.7 (/opt/ros/jazzy/share/camera_info_manager/cmake)
[0.572s] -- Setting yaml-cpp_DIR to: '/opt/ros/jazzy/share/yaml_cpp_vendor/cmake/../../../opt/yaml_cpp_vendor/share/cmake/yaml-cpp'
[0.606s] -- Found cv_bridge: 4.1.0 (/opt/ros/jazzy/share/cv_bridge/cmake)
[0.708s] -- Configuring done (0.7s)
[0.737s] -- Generating done (0.0s)
[0.746s] -- Build files have been written to: /home/mhenkel/Documents/hi_decklink_ros2/build/hi_decklink_ros2
[0.797s] [ 44%] Built target decklink
[0.825s] [ 48%] [32mBuilding CXX object CMakeFiles/publisher.dir/src/decklink_camera_driver.cpp.o[0m
[0.825s] [ 51%] [32mBuilding CXX object CMakeFiles/publisher.dir/src/publisher.cpp.o[0m
[0.829s] [ 59%] Built target deckmonitor
[0.831s] [ 66%] Built target deckview
[0.832s] [ 74%] Built target deckquery
[0.832s] [ 81%] Built target deckstatus
[0.842s] [ 88%] Built target deckoutput
[0.842s] [ 96%] Built target img2ros
[1.189s] In file included from [01m[K/home/mhenkel/Documents/hi_decklink_ros2/src/publisher.cpp:6[m[K:
[1.189s] [01m[K/home/mhenkel/Documents/hi_decklink_ros2/include/decklink_camera_driver.hpp:13:10:[m[K [01;31m[Kfatal error: [m[Kstd_srvs/srv/empty.hpp: No such file or directory
[1.189s]    13 | #include [01;31m[K<std_srvs/srv/empty.hpp>[m[K
[1.189s]       |          [01;31m[K^~~~~~~~~~~~~~~~~~~~~~~~[m[K
[1.190s] compilation terminated.
[1.192s] gmake[2]: *** [CMakeFiles/publisher.dir/build.make:76: CMakeFiles/publisher.dir/src/publisher.cpp.o] Error 1
[1.192s] gmake[2]: *** Waiting for unfinished jobs....
[1.214s] In file included from [01m[K/home/mhenkel/Documents/hi_decklink_ros2/src/decklink_camera_driver.cpp:8[m[K:
[1.214s] [01m[K/home/mhenkel/Documents/hi_decklink_ros2/include/decklink_camera_driver.hpp:13:10:[m[K [01;31m[Kfatal error: [m[Kstd_srvs/srv/empty.hpp: No such file or directory
[1.214s]    13 | #include [01;31m[K<std_srvs/srv/empty.hpp>[m[K
[1.214s]       |          [01;31m[K^~~~~~~~~~~~~~~~~~~~~~~~[m[K
[1.214s] compilation terminated.
[1.217s] gmake[2]: *** [CMakeFiles/publisher.dir/build.make:90: CMakeFiles/publisher.dir/src/decklink_camera_driver.cpp.o] Error 1
[1.218s] gmake[1]: *** [CMakeFiles/Makefile2:168: CMakeFiles/publisher.dir/all] Error 2
[1.218s] gmake: *** [Makefile:146: all] Error 2
[1.220s] Invoked command in '/home/mhenkel/Documents/hi_decklink_ros2/build/hi_decklink_ros2' returned '2': CMAKE_PREFIX_PATH=${CMAKE_PREFIX_PATH}:/opt/ros/jazzy DEBUGINFOD_URLS=https://debuginfod.ubuntu.com /usr/bin/cmake --build /home/mhenkel/Documents/hi_decklink_ros2/build/hi_decklink_ros2 -- -j8 -l8
