[0.009s] Invoking command in '/home/mhenkel/Documents/hi_decklink_ros2/build/hi_decklink_ros2': CMAKE_PREFIX_PATH=${CMAKE_PREFIX_PATH}:/opt/ros/jazzy DEBUGINFOD_URLS=https://debuginfod.ubuntu.com /usr/bin/cmake /home/mhenkel/Documents/hi_decklink_ros2 -DAMENT_CMAKE_SYMLINK_INSTALL=1 -DCMAKE_INSTALL_PREFIX=/home/mhenkel/Documents/hi_decklink_ros2/install/hi_decklink_ros2
[0.031s] -- Could NOT find Doxygen (missing: DOXYGEN_EXECUTABLE) 
[0.031s] [0mDoxygen need to be installed to generate the doxygen documentation[0m
[0.038s] -- Found ament_cmake: 2.5.4 (/opt/ros/jazzy/share/ament_cmake/cmake)
[0.236s] -- Override CMake install command with custom implementation using symlinks instead of copying resources
[0.244s] -- Found rclcpp: 28.1.11 (/opt/ros/jazzy/share/rclcpp/cmake)
[0.271s] -- Found rosidl_generator_c: 4.6.6 (/opt/ros/jazzy/share/rosidl_generator_c/cmake)
[0.281s] -- Found rosidl_generator_cpp: 4.6.6 (/opt/ros/jazzy/share/rosidl_generator_cpp/cmake)
[0.293s] -- Using all available rosidl_typesupport_c: rosidl_typesupport_fastrtps_c;rosidl_typesupport_introspection_c
[0.306s] -- Using all available rosidl_typesupport_cpp: rosidl_typesupport_fastrtps_cpp;rosidl_typesupport_introspection_cpp
[0.369s] -- Found rmw_implementation_cmake: 7.3.2 (/opt/ros/jazzy/share/rmw_implementation_cmake/cmake)
[0.370s] -- Found rmw_fastrtps_cpp: 8.4.3 (/opt/ros/jazzy/share/rmw_fastrtps_cpp/cmake)
[0.434s] -- Using RMW implementation 'rmw_fastrtps_cpp' as default
[0.501s] -- Found image_transport: 5.1.7 (/opt/ros/jazzy/share/image_transport/cmake)
[0.567s] -- Found camera_info_manager: 5.1.7 (/opt/ros/jazzy/share/camera_info_manager/cmake)
[0.571s] -- Setting yaml-cpp_DIR to: '/opt/ros/jazzy/share/yaml_cpp_vendor/cmake/../../../opt/yaml_cpp_vendor/share/cmake/yaml-cpp'
[0.606s] -- Found cv_bridge: 4.1.0 (/opt/ros/jazzy/share/cv_bridge/cmake)
[0.715s] -- Configuring done (0.7s)
[0.740s] -- Generating done (0.0s)
[0.748s] -- Build files have been written to: /home/mhenkel/Documents/hi_decklink_ros2/build/hi_decklink_ros2
[0.756s] Invoked command in '/home/mhenkel/Documents/hi_decklink_ros2/build/hi_decklink_ros2' returned '0': CMAKE_PREFIX_PATH=${CMAKE_PREFIX_PATH}:/opt/ros/jazzy DEBUGINFOD_URLS=https://debuginfod.ubuntu.com /usr/bin/cmake /home/mhenkel/Documents/hi_decklink_ros2 -DAMENT_CMAKE_SYMLINK_INSTALL=1 -DCMAKE_INSTALL_PREFIX=/home/mhenkel/Documents/hi_decklink_ros2/install/hi_decklink_ros2
[0.758s] Invoking command in '/home/mhenkel/Documents/hi_decklink_ros2/build/hi_decklink_ros2': CMAKE_PREFIX_PATH=${CMAKE_PREFIX_PATH}:/opt/ros/jazzy DEBUGINFOD_URLS=https://debuginfod.ubuntu.com /usr/bin/cmake --build /home/mhenkel/Documents/hi_decklink_ros2/build/hi_decklink_ros2 -- -j8 -l8
[0.824s] [ 50%] Built target decklink
[0.847s] [ 54%] [32mBuilding CXX object CMakeFiles/img2ros.dir/src/img2ros.cpp.o[0m
[0.854s] [ 62%] Built target deckmonitor
[0.854s] [ 79%] Built target deckstatus
[0.855s] [ 79%] Built target deckview
[0.856s] [ 87%] Built target deckquery
[0.862s] [ 95%] Built target deckoutput
[3.693s] [01m[K/home/mhenkel/Documents/hi_decklink_ros2/src/img2ros.cpp:[m[K In function ‘[01m[Kint[01;32m[K main[m[K(int, char**)[m[K’:
[3.693s] [01m[K/home/mhenkel/Documents/hi_decklink_ros2/src/img2ros.cpp:26:38:[m[K [01;31m[Kerror: [m[Kno match for ‘[01m[Koperator=[m[K’ (operand types are ‘[01m[Kstd::string[m[K’ {aka ‘[01m[Kstd::__cxx11::basic_string<char>[m[K’} and ‘[01m[Krclcpp::Parameter[m[K’)
[3.693s]    26 |     path = node->get_parameter("path"[01;31m[K)[m[K
[3.694s]       |                                      [01;31m[K^[m[K
[3.694s] In file included from [01m[K/usr/include/c++/13/string:54[m[K,
[3.694s]                  from [01m[K/opt/ros/jazzy/include/rclcpp/rclcpp/copy_all_parameter_values.hpp:18[m[K,
[3.694s]                  from [01m[K/opt/ros/jazzy/include/rclcpp/rclcpp/rclcpp.hpp:171[m[K,
[3.694s]                  from [01m[K/home/mhenkel/Documents/hi_decklink_ros2/src/img2ros.cpp:7[m[K:
[3.694s] [01m[K/usr/include/c++/13/bits/basic_string.h:936:8:[m[K [01;36m[Knote: [m[Kcandidate: ‘[01m[Ktemplate<class _Tp> std::__cxx11::basic_string<_CharT, _Traits, _Alloc>::_If_sv<_Tp, std::__cxx11::basic_string<_CharT, _Traits, _Alloc>&> std::__cxx11::basic_string<_CharT, _Traits, _Alloc>::[01;32m[Koperator=[m[K(const _Tp&) [35m[K[with _CharT = char; _Traits = std::char_traits<char>; _Alloc = std::allocator<char>][m[K[m[K’
[3.694s]   936 |        [01;36m[Koperator[m[K=(const _Tp& __svt)
[3.694s]       |        [01;36m[K^~~~~~~~[m[K
[3.695s] [01m[K/usr/include/c++/13/bits/basic_string.h:936:8:[m[K [01;36m[Knote: [m[K  template argument deduction/substitution failed:
[3.695s] In file included from [01m[K/usr/include/c++/13/bits/move.h:37[m[K,
[3.695s]                  from [01m[K/usr/include/c++/13/bits/new_allocator.h:36[m[K,
[3.695s]                  from [01m[K/usr/include/x86_64-linux-gnu/c++/13/bits/c++allocator.h:33[m[K,
[3.695s]                  from [01m[K/usr/include/c++/13/bits/allocator.h:46[m[K,
[3.695s]                  from [01m[K/usr/include/c++/13/memory:65[m[K,
[3.695s]                  from [01m[K/opt/ros/jazzy/include/rclcpp/rclcpp/rclcpp.hpp:169[m[K:
[3.695s] /usr/include/c++/13/type_traits: In substitution of ‘[01m[Ktemplate<bool _Cond, class _Tp> using std::enable_if_t = typename std::enable_if::type [35m[K[with bool _Cond = false; _Tp = std::__cxx11::basic_string<char>&][m[K[m[K’:
[3.696s] [01m[K/usr/include/c++/13/bits/basic_string.h:144:8:[m[K   required by substitution of ‘[01m[Ktemplate<class _CharT, class _Traits, class _Alloc> template<class _Tp, class _Res> using std::__cxx11::basic_string<_CharT, _Traits, _Alloc>::_If_sv = std::enable_if_t<std::__and_<std::is_convertible<const _Tp&, std::basic_string_view<_CharT, _Traits> >, std::__not_<std::is_convertible<const _Tp*, const std::__cxx11::basic_string<_CharT, _Traits, _Alloc>*> >, std::__not_<std::is_convertible<const _Tp&, const _CharT*> > >::value, _Res> [35m[K[with _Tp = rclcpp::Parameter; _Res = std::__cxx11::basic_string<char>&; _CharT = char; _Traits = std::char_traits<char>; _Alloc = std::allocator<char>][m[K[m[K’
[3.696s] [01m[K/usr/include/c++/13/bits/basic_string.h:936:8:[m[K   required by substitution of ‘[01m[Ktemplate<class _Tp> std::__cxx11::basic_string<char>::_If_sv<_Tp, std::__cxx11::basic_string<char>&> std::__cxx11::basic_string<char>::[01;32m[Koperator=[m[K(const _Tp&) [35m[K[with _Tp = rclcpp::Parameter][m[K[m[K’
[3.696s] [01m[K/home/mhenkel/Documents/hi_decklink_ros2/src/img2ros.cpp:26:38:[m[K   required from here
[3.696s] [01m[K/usr/include/c++/13/type_traits:2610:11:[m[K [01;31m[Kerror: [m[Kno type named ‘[01m[Ktype[m[K’ in ‘[01m[Kstruct std::enable_if<false, std::__cxx11::basic_string<char>&>[m[K’
[3.696s]  2610 |     using [01;31m[Kenable_if_t[m[K = typename enable_if<_Cond, _Tp>::type;
[3.696s]       |           [01;31m[K^~~~~~~~~~~[m[K
[3.696s] [01m[K/usr/include/c++/13/bits/basic_string.h:812:7:[m[K [01;36m[Knote: [m[Kcandidate: ‘[01m[Kstd::__cxx11::basic_string<_CharT, _Traits, _Alloc>& std::__cxx11::basic_string<_CharT, _Traits, _Alloc>::[01;32m[Koperator=[m[K(const std::__cxx11::basic_string<_CharT, _Traits, _Alloc>&) [35m[K[with _CharT = char; _Traits = std::char_traits<char>; _Alloc = std::allocator<char>][m[K[m[K’
[3.696s]   812 |       [01;36m[Koperator[m[K=(const basic_string& __str)
[3.696s]       |       [01;36m[K^~~~~~~~[m[K
[3.697s] [01m[K/usr/include/c++/13/bits/basic_string.h:812:37:[m[K [01;36m[Knote: [m[K  no known conversion for argument 1 from ‘[01m[Krclcpp::Parameter[m[K’ to ‘[01m[Kconst std::__cxx11::basic_string<char>&[m[K’
[3.697s]   812 |       operator=([01;36m[Kconst basic_string& __str[m[K)
[3.697s]       |                 [01;36m[K~~~~~~~~~~~~~~~~~~~~^~~~~[m[K
[3.697s] [01m[K/usr/include/c++/13/bits/basic_string.h:823:7:[m[K [01;36m[Knote: [m[Kcandidate: ‘[01m[Kstd::__cxx11::basic_string<_CharT, _Traits, _Alloc>& std::__cxx11::basic_string<_CharT, _Traits, _Alloc>::[01;32m[Koperator=[m[K(const _CharT*) [35m[K[with _CharT = char; _Traits = std::char_traits<char>; _Alloc = std::allocator<char>][m[K[m[K’
[3.697s]   823 |       [01;36m[Koperator[m[K=(const _CharT* __s)
[3.697s]       |       [01;36m[K^~~~~~~~[m[K
[3.697s] [01m[K/usr/include/c++/13/bits/basic_string.h:823:31:[m[K [01;36m[Knote: [m[K  no known conversion for argument 1 from ‘[01m[Krclcpp::Parameter[m[K’ to ‘[01m[Kconst char*[m[K’
[3.697s]   823 |       operator=([01;36m[Kconst _CharT* __s[m[K)
[3.697s]       |                 [01;36m[K~~~~~~~~~~~~~~^~~[m[K
[3.698s] [01m[K/usr/include/c++/13/bits/basic_string.h:835:7:[m[K [01;36m[Knote: [m[Kcandidate: ‘[01m[Kstd::__cxx11::basic_string<_CharT, _Traits, _Alloc>& std::__cxx11::basic_string<_CharT, _Traits, _Alloc>::[01;32m[Koperator=[m[K(_CharT) [35m[K[with _CharT = char; _Traits = std::char_traits<char>; _Alloc = std::allocator<char>][m[K[m[K’
[3.698s]   835 |       [01;36m[Koperator[m[K=(_CharT __c)
[3.698s]       |       [01;36m[K^~~~~~~~[m[K
[3.698s] [01m[K/usr/include/c++/13/bits/basic_string.h:835:24:[m[K [01;36m[Knote: [m[K  no known conversion for argument 1 from ‘[01m[Krclcpp::Parameter[m[K’ to ‘[01m[Kchar[m[K’
[3.698s]   835 |       operator=([01;36m[K_CharT __c[m[K)
[3.698s]       |                 [01;36m[K~~~~~~~^~~[m[K
[3.698s] [01m[K/usr/include/c++/13/bits/basic_string.h:853:7:[m[K [01;36m[Knote: [m[Kcandidate: ‘[01m[Kstd::__cxx11::basic_string<_CharT, _Traits, _Alloc>& std::__cxx11::basic_string<_CharT, _Traits, _Alloc>::[01;32m[Koperator=[m[K(std::__cxx11::basic_string<_CharT, _Traits, _Alloc>&&) [35m[K[with _CharT = char; _Traits = std::char_traits<char>; _Alloc = std::allocator<char>][m[K[m[K’
[3.698s]   853 |       [01;36m[Koperator[m[K=(basic_string&& __str)
[3.698s]       |       [01;36m[K^~~~~~~~[m[K
[3.699s] [01m[K/usr/include/c++/13/bits/basic_string.h:853:32:[m[K [01;36m[Knote: [m[K  no known conversion for argument 1 from ‘[01m[Krclcpp::Parameter[m[K’ to ‘[01m[Kstd::__cxx11::basic_string<char>&&[m[K’
[3.699s]   853 |       operator=([01;36m[Kbasic_string&& __str[m[K)
[3.699s]       |                 [01;36m[K~~~~~~~~~~~~~~~^~~~~[m[K
[3.699s] [01m[K/usr/include/c++/13/bits/basic_string.h:921:7:[m[K [01;36m[Knote: [m[Kcandidate: ‘[01m[Kstd::__cxx11::basic_string<_CharT, _Traits, _Alloc>& std::__cxx11::basic_string<_CharT, _Traits, _Alloc>::[01;32m[Koperator=[m[K(std::initializer_list<_Tp>) [35m[K[with _CharT = char; _Traits = std::char_traits<char>; _Alloc = std::allocator<char>][m[K[m[K’
[3.699s]   921 |       [01;36m[Koperator[m[K=(initializer_list<_CharT> __l)
[3.699s]       |       [01;36m[K^~~~~~~~[m[K
[3.699s] [01m[K/usr/include/c++/13/bits/basic_string.h:921:42:[m[K [01;36m[Knote: [m[K  no known conversion for argument 1 from ‘[01m[Krclcpp::Parameter[m[K’ to ‘[01m[Kstd::initializer_list<char>[m[K’
[3.699s]   921 |       operator=([01;36m[Kinitializer_list<_CharT> __l[m[K)
[3.699s]       |                 [01;36m[K~~~~~~~~~~~~~~~~~~~~~~~~~^~~[m[K
[3.699s] [01m[K/home/mhenkel/Documents/hi_decklink_ros2/src/img2ros.cpp:45:42:[m[K [01;31m[Kerror: [m[Kno matching function for call to ‘[01m[Krclcpp::Node::create_publisher(const char [10], int)[m[K’
[3.700s]    45 |     auto pub_img = [01;31m[Knode->create_publisher("image_ros", 1)[m[K;
[3.700s]       |                    [01;31m[K~~~~~~~~~~~~~~~~~~~~~~^~~~~~~~~~~~~~~~[m[K
[3.700s] In file included from [01m[K/opt/ros/jazzy/include/rclcpp/rclcpp/executors/single_threaded_executor.hpp:28[m[K,
[3.700s]                  from [01m[K/opt/ros/jazzy/include/rclcpp/rclcpp/executors.hpp:22[m[K,
[3.700s]                  from [01m[K/opt/ros/jazzy/include/rclcpp/rclcpp/rclcpp.hpp:172[m[K:
[3.700s] [01m[K/opt/ros/jazzy/include/rclcpp/rclcpp/node.hpp:197:3:[m[K [01;36m[Knote: [m[Kcandidate: ‘[01m[Ktemplate<class MessageT, class AllocatorT, class PublisherT> std::shared_ptr<PublisherT> rclcpp::Node::[01;32m[Kcreate_publisher[m[K(const std::string&, const rclcpp::QoS&, const rclcpp::PublisherOptionsWithAllocator<AllocatorT>&)[m[K’
[3.700s]   197 |   [01;36m[Kcreate_publisher[m[K(
[3.700s]       |   [01;36m[K^~~~~~~~~~~~~~~~[m[K
[3.701s] [01m[K/opt/ros/jazzy/include/rclcpp/rclcpp/node.hpp:197:3:[m[K [01;36m[Knote: [m[K  template argument deduction/substitution failed:
[3.701s] [01m[K/home/mhenkel/Documents/hi_decklink_ros2/src/img2ros.cpp:45:42:[m[K [01;36m[Knote: [m[K  couldn’t deduce template parameter ‘[01m[KMessageT[m[K’
[3.701s]    45 |     auto pub_img = [01;36m[Knode->create_publisher("image_ros", 1)[m[K;
[3.701s]       |                    [01;36m[K~~~~~~~~~~~~~~~~~~~~~~^~~~~~~~~~~~~~~~[m[K
[3.701s] [01m[K/home/mhenkel/Documents/hi_decklink_ros2/src/img2ros.cpp:52:30:[m[K [01;31m[Kerror: [m[K‘[01m[KImagePtr[m[K’ is not a member of ‘[01m[Ksensor_msgs[m[K’
[3.701s]    52 |                 sensor_msgs::[01;31m[KImagePtr[m[K img = cv_bridge::CvImage(std_msgs::Header(), "bgra8",image_ros).toImageMsg();
[3.701s]       |                              [01;31m[K^~~~~~~~[m[K
[3.701s] [01m[K/home/mhenkel/Documents/hi_decklink_ros2/src/img2ros.cpp:53:26:[m[K [01;31m[Kerror: [m[K‘[01m[Kimg[m[K’ was not declared in this scope; did you mean ‘[01m[Kimage[m[K’?
[3.701s]    53 |         pub_img->publish([01;31m[Kimg[m[K);
[3.701s]       |                          [01;31m[K^~~[m[K
[3.701s]       |                          [32m[Kimage[m[K
[3.701s] [01m[K/home/mhenkel/Documents/hi_decklink_ros2/src/img2ros.cpp:54:32:[m[K [01;31m[Kerror: [m[Kunable to find numeric literal operator ‘[01m[Koperator""s[m[K’
[3.702s]    54 |         rclcpp::spin_all(node, [01;31m[K0s[m[K);
[3.702s]       |                                [01;31m[K^~[m[K
[4.956s] gmake[2]: *** [CMakeFiles/img2ros.dir/build.make:76: CMakeFiles/img2ros.dir/src/img2ros.cpp.o] Error 1
[4.956s] gmake[1]: *** [CMakeFiles/Makefile2:166: CMakeFiles/img2ros.dir/all] Error 2
[4.956s] gmake: *** [Makefile:146: all] Error 2
[4.958s] Invoked command in '/home/mhenkel/Documents/hi_decklink_ros2/build/hi_decklink_ros2' returned '2': CMAKE_PREFIX_PATH=${CMAKE_PREFIX_PATH}:/opt/ros/jazzy DEBUGINFOD_URLS=https://debuginfod.ubuntu.com /usr/bin/cmake --build /home/mhenkel/Documents/hi_decklink_ros2/build/hi_decklink_ros2 -- -j8 -l8
