[ 44%] Built target decklink
[ 59%] Built target deckquery
[ 59%] Built target deckview
[ 66%] Built target deckstatus
[ 74%] Built target deckmonitor
[ 81%] Built target deckoutput
[ 85%] [32mBuilding CXX object CMakeFiles/publisher.dir/src/decklink_camera_driver.cpp.o[0m
[ 92%] Built target img2ros
[ 96%] [32m[1mLinking CXX executable publisher[0m
[100%] Built target publisher
-- Install configuration: "Debug"
-- Execute custom install script
-- Up-to-date symlink: /home/mhenkel/Documents/hi_decklink_ros2/install/hi_decklink_ros2/lib/hi_decklink_ros2/img2ros
-- Up-to-date symlink: /home/mhenkel/Documents/hi_decklink_ros2/install/hi_decklink_ros2/lib/hi_decklink_ros2/publisher
-- Up-to-date symlink: /home/mhenkel/Documents/hi_decklink_ros2/install/hi_decklink_ros2/lib/libdecklink.a
-- Up-to-date symlink: /home/mhenkel/Documents/hi_decklink_ros2/install/hi_decklink_ros2/share/ament_index/resource_index/package_run_dependencies/hi_decklink_ros2
-- Up-to-date symlink: /home/mhenkel/Documents/hi_decklink_ros2/install/hi_decklink_ros2/share/ament_index/resource_index/parent_prefix_path/hi_decklink_ros2
-- Up-to-date symlink: /home/mhenkel/Documents/hi_decklink_ros2/install/hi_decklink_ros2/share/hi_decklink_ros2/environment/ament_prefix_path.sh
-- Up-to-date symlink: /home/mhenkel/Documents/hi_decklink_ros2/install/hi_decklink_ros2/share/hi_decklink_ros2/environment/ament_prefix_path.dsv
-- Up-to-date symlink: /home/mhenkel/Documents/hi_decklink_ros2/install/hi_decklink_ros2/share/hi_decklink_ros2/environment/path.sh
-- Up-to-date symlink: /home/mhenkel/Documents/hi_decklink_ros2/install/hi_decklink_ros2/share/hi_decklink_ros2/environment/path.dsv
-- Up-to-date symlink: /home/mhenkel/Documents/hi_decklink_ros2/install/hi_decklink_ros2/share/hi_decklink_ros2/local_setup.bash
-- Up-to-date symlink: /home/mhenkel/Documents/hi_decklink_ros2/install/hi_decklink_ros2/share/hi_decklink_ros2/local_setup.sh
-- Up-to-date symlink: /home/mhenkel/Documents/hi_decklink_ros2/install/hi_decklink_ros2/share/hi_decklink_ros2/local_setup.zsh
-- Up-to-date symlink: /home/mhenkel/Documents/hi_decklink_ros2/install/hi_decklink_ros2/share/hi_decklink_ros2/local_setup.dsv
-- Symlinking: /home/mhenkel/Documents/hi_decklink_ros2/install/hi_decklink_ros2/share/hi_decklink_ros2/package.dsv
-- Up-to-date symlink: /home/mhenkel/Documents/hi_decklink_ros2/install/hi_decklink_ros2/share/ament_index/resource_index/packages/hi_decklink_ros2
-- Up-to-date symlink: /home/mhenkel/Documents/hi_decklink_ros2/install/hi_decklink_ros2/share/hi_decklink_ros2/cmake/ament_cmake_export_include_directories-extras.cmake
-- Up-to-date symlink: /home/mhenkel/Documents/hi_decklink_ros2/install/hi_decklink_ros2/share/hi_decklink_ros2/cmake/ament_cmake_export_dependencies-extras.cmake
-- Up-to-date symlink: /home/mhenkel/Documents/hi_decklink_ros2/install/hi_decklink_ros2/share/hi_decklink_ros2/cmake/hi_decklink_ros2Config.cmake
-- Up-to-date symlink: /home/mhenkel/Documents/hi_decklink_ros2/install/hi_decklink_ros2/share/hi_decklink_ros2/cmake/hi_decklink_ros2Config-version.cmake
-- Up-to-date symlink: /home/mhenkel/Documents/hi_decklink_ros2/install/hi_decklink_ros2/share/hi_decklink_ros2/package.xml
-- Up-to-date: /home/mhenkel/Documents/hi_decklink_ros2/install/hi_decklink_ros2/share/hi_decklink_ros2/launch
-- Installing: /home/mhenkel/Documents/hi_decklink_ros2/install/hi_decklink_ros2/share/hi_decklink_ros2/launch/full-MPI.xml
