[0.012s] Invoking command in '/home/mhenkel/Documents/hi_decklink_ros2/build/hi_decklink_ros2': CMAKE_PREFIX_PATH=${CMAKE_PREFIX_PATH}:/opt/ros/jazzy DEBUGINFOD_URLS=https://debuginfod.ubuntu.com /usr/bin/cmake --build /home/mhenkel/Documents/hi_decklink_ros2/build/hi_decklink_ros2 -- -j8 -l8
[0.044s] -- Could NOT find Doxygen (missing: DOXYGEN_EXECUTABLE) 
[0.044s] [0mDoxygen need to be installed to generate the doxygen documentation[0m
[0.050s] -- Found ament_cmake: 2.5.4 (/opt/ros/jazzy/share/ament_cmake/cmake)
[0.237s] -- Override CMake install command with custom implementation using symlinks instead of copying resources
[0.246s] -- Found rclcpp: 28.1.11 (/opt/ros/jazzy/share/rclcpp/cmake)
[0.272s] -- Found rosidl_generator_c: 4.6.6 (/opt/ros/jazzy/share/rosidl_generator_c/cmake)
[0.281s] -- Found rosidl_generator_cpp: 4.6.6 (/opt/ros/jazzy/share/rosidl_generator_cpp/cmake)
[0.292s] -- Using all available rosidl_typesupport_c: rosidl_typesupport_fastrtps_c;rosidl_typesupport_introspection_c
[0.306s] -- Using all available rosidl_typesupport_cpp: rosidl_typesupport_fastrtps_cpp;rosidl_typesupport_introspection_cpp
[0.367s] -- Found rmw_implementation_cmake: 7.3.2 (/opt/ros/jazzy/share/rmw_implementation_cmake/cmake)
[0.368s] -- Found rmw_fastrtps_cpp: 8.4.3 (/opt/ros/jazzy/share/rmw_fastrtps_cpp/cmake)
[0.430s] -- Using RMW implementation 'rmw_fastrtps_cpp' as default
[0.497s] -- Found image_transport: 5.1.7 (/opt/ros/jazzy/share/image_transport/cmake)
[0.560s] -- Found camera_info_manager: 5.1.7 (/opt/ros/jazzy/share/camera_info_manager/cmake)
[0.564s] -- Setting yaml-cpp_DIR to: '/opt/ros/jazzy/share/yaml_cpp_vendor/cmake/../../../opt/yaml_cpp_vendor/share/cmake/yaml-cpp'
[0.597s] -- Found cv_bridge: 4.1.0 (/opt/ros/jazzy/share/cv_bridge/cmake)
[0.699s] -- Configuring done (0.7s)
[0.728s] -- Generating done (0.0s)
[0.738s] -- Build files have been written to: /home/mhenkel/Documents/hi_decklink_ros2/build/hi_decklink_ros2
[0.789s] [ 50%] Built target decklink
[0.815s] [ 58%] Built target deckmonitor
[0.816s] [ 62%] [32mBuilding CXX object CMakeFiles/img2ros.dir/src/img2ros.cpp.o[0m
[0.819s] [ 70%] Built target deckoutput
[0.822s] [ 87%] Built target deckstatus
[0.823s] [ 87%] Built target deckview
[0.824s] [ 95%] Built target deckquery
[1.141s] [01m[K/home/mhenkel/Documents/hi_decklink_ros2/src/img2ros.cpp:11:10:[m[K [01;31m[Kfatal error: [m[Kcv_bridge/cv_bridge.h: No such file or directory
[1.141s]    11 | #include [01;31m[K<cv_bridge/cv_bridge.h>[m[K
[1.141s]       |          [01;31m[K^~~~~~~~~~~~~~~~~~~~~~~[m[K
[1.141s] compilation terminated.
[1.144s] gmake[2]: *** [CMakeFiles/img2ros.dir/build.make:76: CMakeFiles/img2ros.dir/src/img2ros.cpp.o] Error 1
[1.145s] gmake[1]: *** [CMakeFiles/Makefile2:166: CMakeFiles/img2ros.dir/all] Error 2
[1.145s] gmake: *** [Makefile:146: all] Error 2
[1.147s] Invoked command in '/home/mhenkel/Documents/hi_decklink_ros2/build/hi_decklink_ros2' returned '2': CMAKE_PREFIX_PATH=${CMAKE_PREFIX_PATH}:/opt/ros/jazzy DEBUGINFOD_URLS=https://debuginfod.ubuntu.com /usr/bin/cmake --build /home/mhenkel/Documents/hi_decklink_ros2/build/hi_decklink_ros2 -- -j8 -l8
