[ 44%] Built target decklink
[ 48%] [32mBuilding CXX object CMakeFiles/publisher.dir/src/decklink_camera_driver.cpp.o[0m
[ 55%] Built target deckmonitor
[ 59%] [32mBuilding CXX object CMakeFiles/publisher.dir/src/publisher.cpp.o[0m
[ 66%] Built target deckview
[ 74%] Built target deckstatus
[ 81%] Built target deckquery
[ 88%] Built target deckoutput
[ 96%] Built target img2ros
[01m[K/home/mhenkel/Documents/hi_decklink_ros2/src/decklink_camera_driver.cpp:8:10:[m[K [01;31m[Kfatal error: [m[Kdecklink_camera_driver.hpp: No such file or directory
    8 | #include [01;31m[K"decklink_camera_driver.hpp"[m[K
      |          [01;31m[K^~~~~~~~~~~~~~~~~~~~~~~~~~~~[m[K
compilation terminated.
gmake[2]: *** [CMakeFiles/publisher.dir/build.make:90: CMakeFiles/publisher.dir/src/decklink_camera_driver.cpp.o] Error 1
gmake[2]: *** Waiting for unfinished jobs....
[01m[K/home/mhenkel/Documents/hi_decklink_ros2/src/publisher.cpp:6:10:[m[K [01;31m[Kfatal error: [m[Kdecklink_camera_driver.hpp: No such file or directory
    6 | #include [01;31m[K"decklink_camera_driver.hpp"[m[K
      |          [01;31m[K^~~~~~~~~~~~~~~~~~~~~~~~~~~~[m[K
compilation terminated.
gmake[2]: *** [CMakeFiles/publisher.dir/build.make:76: CMakeFiles/publisher.dir/src/publisher.cpp.o] Error 1
gmake[1]: *** [CMakeFiles/Makefile2:168: CMakeFiles/publisher.dir/all] Error 2
gmake: *** [Makefile:146: all] Error 2
