[0.009s] Invoking command in '/home/mhenkel/Documents/hi_decklink_ros2/build/hi_decklink_ros2': CMAKE_PREFIX_PATH=${CMAKE_PREFIX_PATH}:/opt/ros/jazzy DEBUGINFOD_URLS=https://debuginfod.ubuntu.com /usr/bin/cmake --build /home/mhenkel/Documents/hi_decklink_ros2/build/hi_decklink_ros2 -- -j8 -l8
[0.055s] [  3%] [34m[1mGenerating API documentation with Doxygen[0m
[0.064s] [ 43%] Built target decklink
[0.079s] warning: Tag 'TCL_SUBST' at line 248 of file '/home/mhenkel/Documents/hi_decklink_ros2/build/hi_decklink_ros2/vendor/libdecklink/Doxyfile' has become obsolete.
[0.079s]          To avoid this warning please remove this line from your configuration file or upgrade it using "doxygen -u"
[0.079s] warning: Tag 'COLS_IN_ALPHA_INDEX' at line 1103 of file '/home/mhenkel/Documents/hi_decklink_ros2/build/hi_decklink_ros2/vendor/libdecklink/Doxyfile' has become obsolete.
[0.080s]          To avoid this warning please remove this line from your configuration file or upgrade it using "doxygen -u"
[0.080s] warning: Tag 'HTML_TIMESTAMP' at line 1239 of file '/home/mhenkel/Documents/hi_decklink_ros2/build/hi_decklink_ros2/vendor/libdecklink/Doxyfile' has become obsolete.
[0.080s]          To avoid this warning please remove this line from your configuration file or upgrade it using "doxygen -u"
[0.080s] warning: Tag 'FORMULA_TRANSPARENT' at line 1520 of file '/home/mhenkel/Documents/hi_decklink_ros2/build/hi_decklink_ros2/vendor/libdecklink/Doxyfile' has become obsolete.
[0.080s]          To avoid this warning please remove this line from your configuration file or upgrade it using "doxygen -u"
[0.081s] warning: Tag 'LATEX_SOURCE_CODE' at line 1808 of file '/home/mhenkel/Documents/hi_decklink_ros2/build/hi_decklink_ros2/vendor/libdecklink/Doxyfile' has become obsolete.
[0.081s]          To avoid this warning please remove this line from your configuration file or upgrade it using "doxygen -u"
[0.081s] warning: Tag 'LATEX_TIMESTAMP' at line 1824 of file '/home/mhenkel/Documents/hi_decklink_ros2/build/hi_decklink_ros2/vendor/libdecklink/Doxyfile' has become obsolete.
[0.081s]          To avoid this warning please remove this line from your configuration file or upgrade it using "doxygen -u"
[0.081s] warning: Tag 'RTF_SOURCE_CODE' at line 1890 of file '/home/mhenkel/Documents/hi_decklink_ros2/build/hi_decklink_ros2/vendor/libdecklink/Doxyfile' has become obsolete.
[0.081s]          To avoid this warning please remove this line from your configuration file or upgrade it using "doxygen -u"
[0.081s] warning: Tag 'DOCBOOK_PROGRAMLISTING' at line 1988 of file '/home/mhenkel/Documents/hi_decklink_ros2/build/hi_decklink_ros2/vendor/libdecklink/Doxyfile' has become obsolete.
[0.082s]          To avoid this warning please remove this line from your configuration file or upgrade it using "doxygen -u"
[0.082s] warning: Tag 'PERL_PATH' at line 2168 of file '/home/mhenkel/Documents/hi_decklink_ros2/build/hi_decklink_ros2/vendor/libdecklink/Doxyfile' has become obsolete.
[0.082s]          To avoid this warning please remove this line from your configuration file or upgrade it using "doxygen -u"
[0.082s] warning: Tag 'CLASS_DIAGRAMS' at line 2181 of file '/home/mhenkel/Documents/hi_decklink_ros2/build/hi_decklink_ros2/vendor/libdecklink/Doxyfile' has become obsolete.
[0.082s]          To avoid this warning please remove this line from your configuration file or upgrade it using "doxygen -u"
[0.082s] warning: Tag 'MSCGEN_PATH' at line 2190 of file '/home/mhenkel/Documents/hi_decklink_ros2/build/hi_decklink_ros2/vendor/libdecklink/Doxyfile' has become obsolete.
[0.082s]          To avoid this warning please remove this line from your configuration file or upgrade it using "doxygen -u"
[0.082s] warning: Tag 'DOT_FONTNAME' at line 2232 of file '/home/mhenkel/Documents/hi_decklink_ros2/build/hi_decklink_ros2/vendor/libdecklink/Doxyfile' has become obsolete.
[0.083s]          To avoid this warning please remove this line from your configuration file or upgrade it using "doxygen -u"
[0.083s] warning: Tag 'DOT_FONTSIZE' at line 2239 of file '/home/mhenkel/Documents/hi_decklink_ros2/build/hi_decklink_ros2/vendor/libdecklink/Doxyfile' has become obsolete.
[0.083s]          To avoid this warning please remove this line from your configuration file or upgrade it using "doxygen -u"
[0.083s] warning: Tag 'DOT_TRANSPARENT' at line 2460 of file '/home/mhenkel/Documents/hi_decklink_ros2/build/hi_decklink_ros2/vendor/libdecklink/Doxyfile' has become obsolete.
[0.083s]          To avoid this warning please remove this line from your configuration file or upgrade it using "doxygen -u"
[0.083s] warning: tag INPUT: input source '/home/mhenkel/Documents/hi_decklink_ros2/build/hi_decklink_ros2/vendor/libdecklink/generated' does not exist
[0.083s] warning: tag INPUT: input source '/home/mhenkel/Documents/hi_decklink_ros2/vendor/libdecklink/lib/SDK/include' does not exist
[0.087s] warning: source '/home/mhenkel/Documents/hi_decklink_ros2/build/hi_decklink_ros2/vendor/libdecklink/generated' is not a readable file or directory... skipping.
[0.088s] warning: source '/home/mhenkel/Documents/hi_decklink_ros2/vendor/libdecklink/lib/SDK/include' is not a readable file or directory... skipping.
[0.088s] warning: Specified markdown mainpage 'README.md' does not exist
[0.097s] [ 50%] Built target deckstatus
[0.097s] [ 56%] Built target deckview
[0.097s] [ 63%] Built target deckquery
[0.101s] [ 70%] Built target deckmonitor
[0.105s] [ 76%] Built target img2ros
[0.110s] [ 86%] Built target publisher
[0.117s] [ 90%] [32mBuilding CXX object CMakeFiles/subscriber.dir/src/subscriber.cpp.o[0m
[0.126s] [ 96%] Built target deckoutput
[0.424s] /home/mhenkel/Documents/hi_decklink_ros2/README.md:151: warning: unable to resolve reference to 'citation' for \ref command
[0.619s] /home/mhenkel/Documents/hi_decklink_ros2/README.md:151: warning: unable to resolve reference to 'citation' for \ref command
[0.638s] [ 96%] Built target docs
[13.436s] [100%] [32m[1mLinking CXX executable subscriber[0m
[14.287s] [100%] Built target subscriber
[14.297s] Invoked command in '/home/mhenkel/Documents/hi_decklink_ros2/build/hi_decklink_ros2' returned '0': CMAKE_PREFIX_PATH=${CMAKE_PREFIX_PATH}:/opt/ros/jazzy DEBUGINFOD_URLS=https://debuginfod.ubuntu.com /usr/bin/cmake --build /home/mhenkel/Documents/hi_decklink_ros2/build/hi_decklink_ros2 -- -j8 -l8
[14.307s] Invoking command in '/home/mhenkel/Documents/hi_decklink_ros2/build/hi_decklink_ros2': CMAKE_PREFIX_PATH=${CMAKE_PREFIX_PATH}:/opt/ros/jazzy DEBUGINFOD_URLS=https://debuginfod.ubuntu.com /usr/bin/cmake --install /home/mhenkel/Documents/hi_decklink_ros2/build/hi_decklink_ros2
[14.314s] -- Install configuration: "Debug"
[14.314s] -- Execute custom install script
[14.315s] -- Up-to-date symlink: /home/mhenkel/Documents/hi_decklink_ros2/install/hi_decklink_ros2/lib/hi_decklink_ros2/img2ros
[14.315s] -- Up-to-date symlink: /home/mhenkel/Documents/hi_decklink_ros2/install/hi_decklink_ros2/lib/hi_decklink_ros2/publisher
[14.315s] -- Up-to-date symlink: /home/mhenkel/Documents/hi_decklink_ros2/install/hi_decklink_ros2/lib/hi_decklink_ros2/subscriber
[14.315s] -- Up-to-date symlink: /home/mhenkel/Documents/hi_decklink_ros2/install/hi_decklink_ros2/lib/libdecklink.a
[14.315s] -- Up-to-date symlink: /home/mhenkel/Documents/hi_decklink_ros2/install/hi_decklink_ros2/share/ament_index/resource_index/package_run_dependencies/hi_decklink_ros2
[14.316s] -- Up-to-date symlink: /home/mhenkel/Documents/hi_decklink_ros2/install/hi_decklink_ros2/share/ament_index/resource_index/parent_prefix_path/hi_decklink_ros2
[14.316s] -- Up-to-date symlink: /home/mhenkel/Documents/hi_decklink_ros2/install/hi_decklink_ros2/share/hi_decklink_ros2/environment/ament_prefix_path.sh
[14.316s] -- Up-to-date symlink: /home/mhenkel/Documents/hi_decklink_ros2/install/hi_decklink_ros2/share/hi_decklink_ros2/environment/ament_prefix_path.dsv
[14.316s] -- Up-to-date symlink: /home/mhenkel/Documents/hi_decklink_ros2/install/hi_decklink_ros2/share/hi_decklink_ros2/environment/path.sh
[14.316s] -- Up-to-date symlink: /home/mhenkel/Documents/hi_decklink_ros2/install/hi_decklink_ros2/share/hi_decklink_ros2/environment/path.dsv
[14.316s] -- Up-to-date symlink: /home/mhenkel/Documents/hi_decklink_ros2/install/hi_decklink_ros2/share/hi_decklink_ros2/local_setup.bash
[14.317s] -- Up-to-date symlink: /home/mhenkel/Documents/hi_decklink_ros2/install/hi_decklink_ros2/share/hi_decklink_ros2/local_setup.sh
[14.317s] -- Up-to-date symlink: /home/mhenkel/Documents/hi_decklink_ros2/install/hi_decklink_ros2/share/hi_decklink_ros2/local_setup.zsh
[14.317s] -- Up-to-date symlink: /home/mhenkel/Documents/hi_decklink_ros2/install/hi_decklink_ros2/share/hi_decklink_ros2/local_setup.dsv
[14.317s] -- Symlinking: /home/mhenkel/Documents/hi_decklink_ros2/install/hi_decklink_ros2/share/hi_decklink_ros2/package.dsv
[14.326s] -- Up-to-date symlink: /home/mhenkel/Documents/hi_decklink_ros2/install/hi_decklink_ros2/share/ament_index/resource_index/packages/hi_decklink_ros2
[14.327s] -- Up-to-date symlink: /home/mhenkel/Documents/hi_decklink_ros2/install/hi_decklink_ros2/share/hi_decklink_ros2/cmake/ament_cmake_export_include_directories-extras.cmake
[14.327s] -- Up-to-date symlink: /home/mhenkel/Documents/hi_decklink_ros2/install/hi_decklink_ros2/share/hi_decklink_ros2/cmake/ament_cmake_export_dependencies-extras.cmake
[14.327s] -- Up-to-date symlink: /home/mhenkel/Documents/hi_decklink_ros2/install/hi_decklink_ros2/share/hi_decklink_ros2/cmake/hi_decklink_ros2Config.cmake
[14.327s] -- Up-to-date symlink: /home/mhenkel/Documents/hi_decklink_ros2/install/hi_decklink_ros2/share/hi_decklink_ros2/cmake/hi_decklink_ros2Config-version.cmake
[14.327s] -- Up-to-date symlink: /home/mhenkel/Documents/hi_decklink_ros2/install/hi_decklink_ros2/share/hi_decklink_ros2/package.xml
[14.328s] -- Up-to-date: /home/mhenkel/Documents/hi_decklink_ros2/install/hi_decklink_ros2/share/hi_decklink_ros2/launch
[14.328s] -- Up-to-date: /home/mhenkel/Documents/hi_decklink_ros2/install/hi_decklink_ros2/share/hi_decklink_ros2/launch/subscribers-MPI.xml
[14.328s] -- Up-to-date: /home/mhenkel/Documents/hi_decklink_ros2/install/hi_decklink_ros2/share/hi_decklink_ros2/launch/subscribers_keying-MPI.xml
[14.328s] -- Up-to-date: /home/mhenkel/Documents/hi_decklink_ros2/install/hi_decklink_ros2/share/hi_decklink_ros2/launch/full-MPI.xml
[14.330s] Invoked command in '/home/mhenkel/Documents/hi_decklink_ros2/build/hi_decklink_ros2' returned '0': CMAKE_PREFIX_PATH=${CMAKE_PREFIX_PATH}:/opt/ros/jazzy DEBUGINFOD_URLS=https://debuginfod.ubuntu.com /usr/bin/cmake --install /home/mhenkel/Documents/hi_decklink_ros2/build/hi_decklink_ros2
