[0.010s] Invoking command in '/home/mhenkel/Documents/hi_decklink_ros2/build/hi_decklink_ros2': CMAKE_PREFIX_PATH=${CMAKE_PREFIX_PATH}:/opt/ros/jazzy DEBUGINFOD_URLS=https://debuginfod.ubuntu.com /usr/bin/cmake --build /home/mhenkel/Documents/hi_decklink_ros2/build/hi_decklink_ros2 -- -j8 -l8
[0.063s] [ 44%] Built target decklink
[0.093s] [ 77%] Built target deckview
[0.093s] [ 77%] Built target deckmonitor
[0.093s] [ 77%] Built target deckstatus
[0.093s] [ 70%] Built target deckquery
[0.094s] [ 81%] Built target img2ros
[0.095s] [ 88%] Built target deckoutput
[0.106s] [ 92%] [32mBuilding CXX object CMakeFiles/publisher.dir/src/decklink_camera_driver.cpp.o[0m
[3.801s] [01m[K/home/mhenkel/Documents/hi_decklink_ros2/src/decklink_camera_driver.cpp:125:6:[m[K [01;31m[Kerror: [m[Kredefinition of ‘[01m[Kvoid DeckLinkCameraDriver::[01;32m[Kinit_image_transport[m[K()[m[K’
[3.801s]   125 | void [01;31m[KDeckLinkCameraDriver[m[K::init_image_transport() {
[3.801s]       |      [01;31m[K^~~~~~~~~~~~~~~~~~~~[m[K
[3.801s] In file included from [01m[K/home/mhenkel/Documents/hi_decklink_ros2/src/decklink_camera_driver.cpp:9[m[K:
[3.801s] [01m[K/home/mhenkel/Documents/hi_decklink_ros2/include/decklink_camera_driver.hpp:24:10:[m[K [01;36m[Knote: [m[K‘[01m[Kvoid DeckLinkCameraDriver::[01;32m[Kinit_image_transport[m[K()[m[K’ previously defined here
[3.801s]    24 |     void [01;36m[Kinit_image_transport[m[K() {
[3.801s]       |          [01;36m[K^~~~~~~~~~~~~~~~~~~~[m[K
[5.169s] gmake[2]: *** [CMakeFiles/publisher.dir/build.make:90: CMakeFiles/publisher.dir/src/decklink_camera_driver.cpp.o] Error 1
[5.169s] gmake[1]: *** [CMakeFiles/Makefile2:168: CMakeFiles/publisher.dir/all] Error 2
[5.169s] gmake: *** [Makefile:146: all] Error 2
[5.172s] Invoked command in '/home/mhenkel/Documents/hi_decklink_ros2/build/hi_decklink_ros2' returned '2': CMAKE_PREFIX_PATH=${CMAKE_PREFIX_PATH}:/opt/ros/jazzy DEBUGINFOD_URLS=https://debuginfod.ubuntu.com /usr/bin/cmake --build /home/mhenkel/Documents/hi_decklink_ros2/build/hi_decklink_ros2 -- -j8 -l8
