[0.009s] Invoking command in '/home/mhenkel/Documents/hi_decklink_ros2/build/hi_decklink_ros2': DEBUGINFOD_URLS=https://debuginfod.ubuntu.com /usr/bin/cmake /home/mhenkel/Documents/hi_decklink_ros2 -DCMAKE_INSTALL_PREFIX=/home/mhenkel/Documents/hi_decklink_ros2/install/hi_decklink_ros2
[0.030s] -- Could NOT find Doxygen (missing: DOXYGEN_EXECUTABLE) 
[0.030s] [0mDoxygen need to be installed to generate the doxygen documentation[0m
[0.033s] -- Found ament_cmake: 2.5.4 (/opt/ros/jazzy/share/ament_cmake/cmake)
[0.225s] -- Found rclcpp: 28.1.10 (/opt/ros/jazzy/share/rclcpp/cmake)
[0.250s] -- Found rosidl_generator_c: 4.6.5 (/opt/ros/jazzy/share/rosidl_generator_c/cmake)
[0.259s] -- Found rosidl_generator_cpp: 4.6.5 (/opt/ros/jazzy/share/rosidl_generator_cpp/cmake)
[0.270s] -- Using all available rosidl_typesupport_c: rosidl_typesupport_fastrtps_c;rosidl_typesupport_introspection_c
[0.283s] -- Using all available rosidl_typesupport_cpp: rosidl_typesupport_fastrtps_cpp;rosidl_typesupport_introspection_cpp
[0.344s] -- Found rmw_implementation_cmake: 7.3.2 (/opt/ros/jazzy/share/rmw_implementation_cmake/cmake)
[0.346s] -- Found rmw_fastrtps_cpp: 8.4.2 (/opt/ros/jazzy/share/rmw_fastrtps_cpp/cmake)
[0.406s] -- Using RMW implementation 'rmw_fastrtps_cpp' as default
[0.471s] -- Found image_transport: 5.1.7 (/opt/ros/jazzy/share/image_transport/cmake)
[0.545s] [31mCMake Error at CMakeLists.txt:22 (find_package):
[0.545s]   By not providing "Findcamera_info_manager.cmake" in CMAKE_MODULE_PATH this
[0.545s]   project has asked CMake to find a package configuration file provided by
[0.545s]   "camera_info_manager", but CMake did not find one.
[0.545s] 
[0.545s]   Could not find a package configuration file provided by
[0.545s]   "camera_info_manager" with any of the following names:
[0.546s] 
[0.546s]     camera_info_managerConfig.cmake
[0.546s]     camera_info_manager-config.cmake
[0.546s] 
[0.546s]   Add the installation prefix of "camera_info_manager" to CMAKE_PREFIX_PATH
[0.546s]   or set "camera_info_manager_DIR" to a directory containing one of the above
[0.546s]   files.  If "camera_info_manager" provides a separate development package or
[0.546s]   SDK, be sure it has been installed.
[0.546s] 
[0.547s] [0m
[0.547s] -- Configuring incomplete, errors occurred!
[0.551s] Invoked command in '/home/mhenkel/Documents/hi_decklink_ros2/build/hi_decklink_ros2' returned '1': DEBUGINFOD_URLS=https://debuginfod.ubuntu.com /usr/bin/cmake /home/mhenkel/Documents/hi_decklink_ros2 -DCMAKE_INSTALL_PREFIX=/home/mhenkel/Documents/hi_decklink_ros2/install/hi_decklink_ros2
