[  3%] [34m[1mGenerating API documentation with Doxygen[0m
[ 43%] Built target decklink
warning: tag INPUT: input source '/home/mhenkel/Documents/hi_decklink_ros2/build/hi_decklink_ros2/vendor/libdecklink/generated' does not exist
warning: tag INPUT: input source '/home/mhenkel/Documents/hi_decklink_ros2/vendor/libdecklink/lib/SDK/include' does not exist
warning: source '/home/mhenkel/Documents/hi_decklink_ros2/build/hi_decklink_ros2/vendor/libdecklink/generated' is not a readable file or directory... skipping.
warning: source '/home/mhenkel/Documents/hi_decklink_ros2/vendor/libdecklink/lib/SDK/include' is not a readable file or directory... skipping.
warning: Specified markdown mainpage 'README.md' does not exist
[ 50%] Built target deckquery
[ 56%] Built target deckview
[ 63%] Built target deckstatus
[ 70%] Built target deckmonitor
[ 76%] Built target img2ros
[ 90%] [32mBuilding CXX object CMakeFiles/subscriber.dir/src/subscriber.cpp.o[0m
[ 90%] Built target publisher
[ 96%] Built target deckoutput
/home/mhenkel/Documents/hi_decklink_ros2/README.md:151: warning: unable to resolve reference to 'citation' for \ref command
/home/mhenkel/Documents/hi_decklink_ros2/README.md:151: warning: unable to resolve reference to 'citation' for \ref command
[ 96%] Built target docs
In file included from [01m[K/opt/ros/jazzy/include/rclcpp/rclcpp/copy_all_parameter_values.hpp:27[m[K,
                 from [01m[K/opt/ros/jazzy/include/rclcpp/rclcpp/rclcpp.hpp:171[m[K,
                 from [01m[K/home/mhenkel/Documents/hi_decklink_ros2/src/subscriber.cpp:12[m[K:
[01m[K/home/mhenkel/Documents/hi_decklink_ros2/src/subscriber.cpp:[m[K In function ‘[01m[Kint[01;32m[K main[m[K(int, char**)[m[K’:
[01m[K/home/mhenkel/Documents/hi_decklink_ros2/src/subscriber.cpp:206:27:[m[K [01;31m[Kerror: [m[K‘[01m[Kto_string[m[K’ is not a member of ‘[01m[KDeckLink[m[K’
  206 |                 DeckLink::[01;31m[Kto_string[m[K(mode) << "\n"
      |                           [01;31m[K^~~~~~~~~[m[K
[01m[K/home/mhenkel/Documents/hi_decklink_ros2/src/subscriber.cpp:206:27:[m[K [01;36m[Knote: [m[Ksuggested alternatives:
In file included from [01m[K/home/mhenkel/Documents/hi_decklink_ros2/vendor/libdecklink/include/libdecklink/errors.hpp:9[m[K,
                 from [01m[K/home/mhenkel/Documents/hi_decklink_ros2/vendor/libdecklink/include/libdecklink/device.hpp:14[m[K,
                 from [01m[K/home/mhenkel/Documents/hi_decklink_ros2/src/subscriber.cpp:15[m[K:
[01m[K/home/mhenkel/Documents/hi_decklink_ros2/vendor/libdecklink/include/libdecklink/types.hpp:1294:13:[m[K [01;36m[Knote: [m[K  ‘[01m[Kto_string[m[K’
 1294 | std::string [01;36m[Kto_string[m[K(const DeckLink::VideoInputError value);
      |             [01;36m[K^~~~~~~~~[m[K
In file included from [01m[K/usr/include/c++/13/string:54[m[K,
                 from [01m[K/opt/ros/jazzy/include/rclcpp/rclcpp/copy_all_parameter_values.hpp:18[m[K:
[01m[K/usr/include/c++/13/bits/basic_string.h:4261:3:[m[K [01;36m[Knote: [m[K  ‘[01m[Kstd::__cxx11::to_string[m[K’
 4261 |   [01;36m[Kto_string[m[K(long double __val)
      |   [01;36m[K^~~~~~~~~[m[K
In file included from [01m[K/opt/ros/jazzy/include/rclcpp/rclcpp/executor.hpp:41[m[K,
                 from [01m[K/opt/ros/jazzy/include/rclcpp/rclcpp/executors/multi_threaded_executor.hpp:25[m[K,
                 from [01m[K/opt/ros/jazzy/include/rclcpp/rclcpp/executors.hpp:21[m[K,
                 from [01m[K/opt/ros/jazzy/include/rclcpp/rclcpp/rclcpp.hpp:172[m[K:
[01m[K/opt/ros/jazzy/include/rclcpp/rclcpp/future_return_code.hpp:43:1:[m[K [01;36m[Knote: [m[K  ‘[01m[Krclcpp::to_string[m[K’
   43 | [01;36m[Kto_string[m[K(const FutureReturnCode & future_return_code);
      | [01;36m[K^~~~~~~~~[m[K
In file included from [01m[K/usr/include/boost/exception_ptr.hpp:9[m[K,
                 from [01m[K/usr/include/boost/exception/all.hpp:25[m[K,
                 from [01m[K/home/mhenkel/Documents/hi_decklink_ros2/vendor/libdecklink/include/libdecklink/errors.hpp:7[m[K:
[01m[K/usr/include/boost/exception/detail/exception_ptr.hpp:594:5:[m[K [01;36m[Knote: [m[K  ‘[01m[Kboost::to_string[m[K’
  594 |     [01;36m[Kto_string[m[K( exception_ptr const & p )
      |     [01;36m[K^~~~~~~~~[m[K
In file included from [01m[K/usr/include/boost/exception/to_string_stub.hpp:9[m[K,
                 from [01m[K/usr/include/boost/exception/info.hpp:11[m[K,
                 from [01m[K/usr/include/boost/exception/diagnostic_information.hpp:11[m[K,
                 from [01m[K/usr/include/boost/exception/all.hpp:10[m[K:
[01m[K/usr/include/boost/exception/to_string.hpp:78:5:[m[K [01;36m[Knote: [m[K  ‘[01m[Kboost::to_string_detail::to_string[m[K’
   78 |     [01;36m[Kto_string[m[K( std::pair<T,U> const & x )
      |     [01;36m[K^~~~~~~~~[m[K
gmake[2]: *** [CMakeFiles/subscriber.dir/build.make:76: CMakeFiles/subscriber.dir/src/subscriber.cpp.o] Error 1
gmake[1]: *** [CMakeFiles/Makefile2:198: CMakeFiles/subscriber.dir/all] Error 2
gmake: *** [Makefile:146: all] Error 2
