[0.010s] Invoking command in '/home/mhenkel/Documents/hi_decklink_ros2/build/hi_decklink_ros2': CMAKE_PREFIX_PATH=${CMAKE_PREFIX_PATH}:/opt/ros/jazzy DEBUGINFOD_URLS=https://debuginfod.ubuntu.com /usr/bin/cmake --build /home/mhenkel/Documents/hi_decklink_ros2/build/hi_decklink_ros2 -- -j8 -l8
[0.064s] [ 41%] Built target decklink
[0.094s] [ 55%] Built target deckstatus
[0.095s] [ 55%] Built target deckview
[0.095s] [ 62%] Built target deckmonitor
[0.099s] [ 68%] Built target deckoutput
[0.100s] [ 75%] Built target deckquery
[0.101s] [ 82%] Built target img2ros
[0.111s] [ 96%] Built target subscriber
[0.111s] [100%] Built target publisher
[0.122s] Invoked command in '/home/mhenkel/Documents/hi_decklink_ros2/build/hi_decklink_ros2' returned '0': CMAKE_PREFIX_PATH=${CMAKE_PREFIX_PATH}:/opt/ros/jazzy DEBUGINFOD_URLS=https://debuginfod.ubuntu.com /usr/bin/cmake --build /home/mhenkel/Documents/hi_decklink_ros2/build/hi_decklink_ros2 -- -j8 -l8
[0.130s] Invoking command in '/home/mhenkel/Documents/hi_decklink_ros2/build/hi_decklink_ros2': CMAKE_PREFIX_PATH=${CMAKE_PREFIX_PATH}:/opt/ros/jazzy DEBUGINFOD_URLS=https://debuginfod.ubuntu.com /usr/bin/cmake --install /home/mhenkel/Documents/hi_decklink_ros2/build/hi_decklink_ros2
[0.137s] -- Install configuration: "Debug"
[0.137s] -- Execute custom install script
[0.138s] -- Up-to-date symlink: /home/mhenkel/Documents/hi_decklink_ros2/install/hi_decklink_ros2/lib/hi_decklink_ros2/img2ros
[0.138s] -- Up-to-date symlink: /home/mhenkel/Documents/hi_decklink_ros2/install/hi_decklink_ros2/lib/hi_decklink_ros2/publisher
[0.138s] -- Up-to-date symlink: /home/mhenkel/Documents/hi_decklink_ros2/install/hi_decklink_ros2/lib/hi_decklink_ros2/subscriber
[0.138s] -- Up-to-date symlink: /home/mhenkel/Documents/hi_decklink_ros2/install/hi_decklink_ros2/lib/libdecklink.a
[0.139s] -- Up-to-date symlink: /home/mhenkel/Documents/hi_decklink_ros2/install/hi_decklink_ros2/share/ament_index/resource_index/package_run_dependencies/hi_decklink_ros2
[0.139s] -- Up-to-date symlink: /home/mhenkel/Documents/hi_decklink_ros2/install/hi_decklink_ros2/share/ament_index/resource_index/parent_prefix_path/hi_decklink_ros2
[0.139s] -- Up-to-date symlink: /home/mhenkel/Documents/hi_decklink_ros2/install/hi_decklink_ros2/share/hi_decklink_ros2/environment/ament_prefix_path.sh
[0.139s] -- Up-to-date symlink: /home/mhenkel/Documents/hi_decklink_ros2/install/hi_decklink_ros2/share/hi_decklink_ros2/environment/ament_prefix_path.dsv
[0.139s] -- Up-to-date symlink: /home/mhenkel/Documents/hi_decklink_ros2/install/hi_decklink_ros2/share/hi_decklink_ros2/environment/path.sh
[0.139s] -- Up-to-date symlink: /home/mhenkel/Documents/hi_decklink_ros2/install/hi_decklink_ros2/share/hi_decklink_ros2/environment/path.dsv
[0.139s] -- Up-to-date symlink: /home/mhenkel/Documents/hi_decklink_ros2/install/hi_decklink_ros2/share/hi_decklink_ros2/local_setup.bash
[0.140s] -- Up-to-date symlink: /home/mhenkel/Documents/hi_decklink_ros2/install/hi_decklink_ros2/share/hi_decklink_ros2/local_setup.sh
[0.140s] -- Up-to-date symlink: /home/mhenkel/Documents/hi_decklink_ros2/install/hi_decklink_ros2/share/hi_decklink_ros2/local_setup.zsh
[0.140s] -- Up-to-date symlink: /home/mhenkel/Documents/hi_decklink_ros2/install/hi_decklink_ros2/share/hi_decklink_ros2/local_setup.dsv
[0.140s] -- Symlinking: /home/mhenkel/Documents/hi_decklink_ros2/install/hi_decklink_ros2/share/hi_decklink_ros2/package.dsv
[0.148s] -- Up-to-date symlink: /home/mhenkel/Documents/hi_decklink_ros2/install/hi_decklink_ros2/share/ament_index/resource_index/packages/hi_decklink_ros2
[0.148s] -- Up-to-date symlink: /home/mhenkel/Documents/hi_decklink_ros2/install/hi_decklink_ros2/share/hi_decklink_ros2/cmake/ament_cmake_export_include_directories-extras.cmake
[0.149s] -- Up-to-date symlink: /home/mhenkel/Documents/hi_decklink_ros2/install/hi_decklink_ros2/share/hi_decklink_ros2/cmake/ament_cmake_export_dependencies-extras.cmake
[0.149s] -- Up-to-date symlink: /home/mhenkel/Documents/hi_decklink_ros2/install/hi_decklink_ros2/share/hi_decklink_ros2/cmake/hi_decklink_ros2Config.cmake
[0.149s] -- Up-to-date symlink: /home/mhenkel/Documents/hi_decklink_ros2/install/hi_decklink_ros2/share/hi_decklink_ros2/cmake/hi_decklink_ros2Config-version.cmake
[0.149s] -- Up-to-date symlink: /home/mhenkel/Documents/hi_decklink_ros2/install/hi_decklink_ros2/share/hi_decklink_ros2/package.xml
[0.149s] -- Up-to-date: /home/mhenkel/Documents/hi_decklink_ros2/install/hi_decklink_ros2/share/hi_decklink_ros2/launch
[0.149s] -- Up-to-date: /home/mhenkel/Documents/hi_decklink_ros2/install/hi_decklink_ros2/share/hi_decklink_ros2/launch/full-MPI.xml
[0.151s] Invoked command in '/home/mhenkel/Documents/hi_decklink_ros2/build/hi_decklink_ros2' returned '0': CMAKE_PREFIX_PATH=${CMAKE_PREFIX_PATH}:/opt/ros/jazzy DEBUGINFOD_URLS=https://debuginfod.ubuntu.com /usr/bin/cmake --install /home/mhenkel/Documents/hi_decklink_ros2/build/hi_decklink_ros2
