[ 44%] Built target decklink
[ 51%] Built target deckquery
[ 59%] Built target deckview
[ 66%] Built target deckmonitor
[ 74%] Built target deckstatus
[ 81%] Built target img2ros
[ 88%] Built target deckoutput
[ 92%] [32mBuilding CXX object CMakeFiles/publisher.dir/src/publisher.cpp.o[0m
[ 96%] [32mBuilding CXX object CMakeFiles/publisher.dir/src/decklink_camera_driver.cpp.o[0m
In file included from [01m[K/home/mhenkel/Documents/hi_decklink_ros2/src/publisher.cpp:6[m[K:
[01m[K/home/mhenkel/Documents/hi_decklink_ros2/include/decklink_camera_driver.hpp:[m[K In member function ‘[01m[Kvoid DeckLinkCameraDriver::[01;32m[Kinit_image_transport[m[K()[m[K’:
[01m[K/home/mhenkel/Documents/hi_decklink_ros2/include/decklink_camera_driver.hpp:25:65:[m[K [01;31m[Kerror: [m[Kreference to ‘[01m[Kshared_from_this[m[K’ is ambiguous
   25 |         _it = std::make_unique<image_transport::ImageTransport>([01;31m[Kshared_from_this[m[K());
      |                                                                 [01;31m[K^~~~~~~~~~~~~~~~[m[K
In file included from [01m[K/usr/include/c++/13/memory:80[m[K,
                 from [01m[K/opt/ros/jazzy/include/rclcpp/rclcpp/rclcpp.hpp:169[m[K,
                 from [01m[K/home/mhenkel/Documents/hi_decklink_ros2/src/publisher.cpp:5[m[K:
[01m[K/usr/include/c++/13/bits/shared_ptr.h:938:7:[m[K [01;36m[Knote: [m[Kcandidates are: ‘[01m[Kstd::shared_ptr<const _Tp> std::enable_shared_from_this<_Tp>::[01;32m[Kshared_from_this[m[K() const [35m[K[with _Tp = DeckLinkCameraDriver][m[K[m[K’
  938 |       [01;36m[Kshared_from_this[m[K() const
      |       [01;36m[K^~~~~~~~~~~~~~~~[m[K
[01m[K/usr/include/c++/13/bits/shared_ptr.h:934:7:[m[K [01;36m[Knote: [m[K                ‘[01m[Kstd::shared_ptr<_Tp> std::enable_shared_from_this<_Tp>::[01;32m[Kshared_from_this[m[K() [35m[K[with _Tp = DeckLinkCameraDriver][m[K[m[K’
  934 |       [01;36m[Kshared_from_this[m[K()
      |       [01;36m[K^~~~~~~~~~~~~~~~[m[K
[01m[K/usr/include/c++/13/bits/shared_ptr.h:938:7:[m[K [01;36m[Knote: [m[K                ‘[01m[Kstd::shared_ptr<const _Tp> std::enable_shared_from_this<_Tp>::[01;32m[Kshared_from_this[m[K() const [35m[K[with _Tp = rclcpp::Node][m[K[m[K’
  938 |       [01;36m[Kshared_from_this[m[K() const
      |       [01;36m[K^~~~~~~~~~~~~~~~[m[K
[01m[K/usr/include/c++/13/bits/shared_ptr.h:934:7:[m[K [01;36m[Knote: [m[K                ‘[01m[Kstd::shared_ptr<_Tp> std::enable_shared_from_this<_Tp>::[01;32m[Kshared_from_this[m[K() [35m[K[with _Tp = rclcpp::Node][m[K[m[K’
  934 |       [01;36m[Kshared_from_this[m[K()
      |       [01;36m[K^~~~~~~~~~~~~~~~[m[K
In file included from [01m[K/home/mhenkel/Documents/hi_decklink_ros2/src/decklink_camera_driver.cpp:9[m[K:
[01m[K/home/mhenkel/Documents/hi_decklink_ros2/include/decklink_camera_driver.hpp:[m[K In member function ‘[01m[Kvoid DeckLinkCameraDriver::[01;32m[Kinit_image_transport[m[K()[m[K’:
[01m[K/home/mhenkel/Documents/hi_decklink_ros2/include/decklink_camera_driver.hpp:25:65:[m[K [01;31m[Kerror: [m[Kreference to ‘[01m[Kshared_from_this[m[K’ is ambiguous
   25 |         _it = std::make_unique<image_transport::ImageTransport>([01;31m[Kshared_from_this[m[K());
      |                                                                 [01;31m[K^~~~~~~~~~~~~~~~[m[K
In file included from [01m[K/usr/include/c++/13/memory:80[m[K,
                 from [01m[K/opt/ros/jazzy/include/sensor_msgs/sensor_msgs/msg/detail/image__struct.hpp:13[m[K,
                 from [01m[K/opt/ros/jazzy/include/sensor_msgs/sensor_msgs/msg/image.hpp:7[m[K,
                 from [01m[K/opt/ros/jazzy/include/cv_bridge/cv_bridge/cv_bridge.hpp:40[m[K,
                 from [01m[K/home/mhenkel/Documents/hi_decklink_ros2/src/decklink_camera_driver.cpp:5[m[K:
[01m[K/usr/include/c++/13/bits/shared_ptr.h:938:7:[m[K [01;36m[Knote: [m[Kcandidates are: ‘[01m[Kstd::shared_ptr<const _Tp> std::enable_shared_from_this<_Tp>::[01;32m[Kshared_from_this[m[K() const [35m[K[with _Tp = DeckLinkCameraDriver][m[K[m[K’
  938 |       [01;36m[Kshared_from_this[m[K() const
      |       [01;36m[K^~~~~~~~~~~~~~~~[m[K
[01m[K/usr/include/c++/13/bits/shared_ptr.h:934:7:[m[K [01;36m[Knote: [m[K                ‘[01m[Kstd::shared_ptr<_Tp> std::enable_shared_from_this<_Tp>::[01;32m[Kshared_from_this[m[K() [35m[K[with _Tp = DeckLinkCameraDriver][m[K[m[K’
  934 |       [01;36m[Kshared_from_this[m[K()
      |       [01;36m[K^~~~~~~~~~~~~~~~[m[K
[01m[K/usr/include/c++/13/bits/shared_ptr.h:938:7:[m[K [01;36m[Knote: [m[K                ‘[01m[Kstd::shared_ptr<const _Tp> std::enable_shared_from_this<_Tp>::[01;32m[Kshared_from_this[m[K() const [35m[K[with _Tp = rclcpp::Node][m[K[m[K’
  938 |       [01;36m[Kshared_from_this[m[K() const
      |       [01;36m[K^~~~~~~~~~~~~~~~[m[K
[01m[K/usr/include/c++/13/bits/shared_ptr.h:934:7:[m[K [01;36m[Knote: [m[K                ‘[01m[Kstd::shared_ptr<_Tp> std::enable_shared_from_this<_Tp>::[01;32m[Kshared_from_this[m[K() [35m[K[with _Tp = rclcpp::Node][m[K[m[K’
  934 |       [01;36m[Kshared_from_this[m[K()
      |       [01;36m[K^~~~~~~~~~~~~~~~[m[K
gmake[2]: *** [CMakeFiles/publisher.dir/build.make:76: CMakeFiles/publisher.dir/src/publisher.cpp.o] Error 1
gmake[2]: *** Waiting for unfinished jobs....
gmake[2]: *** [CMakeFiles/publisher.dir/build.make:90: CMakeFiles/publisher.dir/src/decklink_camera_driver.cpp.o] Error 1
gmake[1]: *** [CMakeFiles/Makefile2:168: CMakeFiles/publisher.dir/all] Error 2
gmake: *** [Makefile:146: all] Error 2
