[0.010s] Invoking command in '/home/mhenkel/Documents/hi_decklink_ros2/build/hi_decklink_ros2': CMAKE_PREFIX_PATH=${CMAKE_PREFIX_PATH}:/opt/ros/jazzy DEBUGINFOD_URLS=https://debuginfod.ubuntu.com /usr/bin/cmake --build /home/mhenkel/Documents/hi_decklink_ros2/build/hi_decklink_ros2 -- -j8 -l8
[0.064s] [ 44%] Built target decklink
[0.094s] [ 51%] Built target deckquery
[0.094s] [ 59%] Built target deckview
[0.094s] [ 66%] Built target deckmonitor
[0.095s] [ 74%] Built target deckstatus
[0.097s] [ 81%] Built target img2ros
[0.099s] [ 88%] Built target deckoutput
[0.119s] [ 92%] [32mBuilding CXX object CMakeFiles/publisher.dir/src/publisher.cpp.o[0m
[0.120s] [ 96%] [32mBuilding CXX object CMakeFiles/publisher.dir/src/decklink_camera_driver.cpp.o[0m
[2.941s] In file included from [01m[K/home/mhenkel/Documents/hi_decklink_ros2/src/publisher.cpp:6[m[K:
[2.941s] [01m[K/home/mhenkel/Documents/hi_decklink_ros2/include/decklink_camera_driver.hpp:[m[K In member function ‘[01m[Kvoid DeckLinkCameraDriver::[01;32m[Kinit_image_transport[m[K()[m[K’:
[2.941s] [01m[K/home/mhenkel/Documents/hi_decklink_ros2/include/decklink_camera_driver.hpp:25:65:[m[K [01;31m[Kerror: [m[Kreference to ‘[01m[Kshared_from_this[m[K’ is ambiguous
[2.941s]    25 |         _it = std::make_unique<image_transport::ImageTransport>([01;31m[Kshared_from_this[m[K());
[2.942s]       |                                                                 [01;31m[K^~~~~~~~~~~~~~~~[m[K
[2.942s] In file included from [01m[K/usr/include/c++/13/memory:80[m[K,
[2.942s]                  from [01m[K/opt/ros/jazzy/include/rclcpp/rclcpp/rclcpp.hpp:169[m[K,
[2.942s]                  from [01m[K/home/mhenkel/Documents/hi_decklink_ros2/src/publisher.cpp:5[m[K:
[2.942s] [01m[K/usr/include/c++/13/bits/shared_ptr.h:938:7:[m[K [01;36m[Knote: [m[Kcandidates are: ‘[01m[Kstd::shared_ptr<const _Tp> std::enable_shared_from_this<_Tp>::[01;32m[Kshared_from_this[m[K() const [35m[K[with _Tp = DeckLinkCameraDriver][m[K[m[K’
[2.942s]   938 |       [01;36m[Kshared_from_this[m[K() const
[2.942s]       |       [01;36m[K^~~~~~~~~~~~~~~~[m[K
[2.942s] [01m[K/usr/include/c++/13/bits/shared_ptr.h:934:7:[m[K [01;36m[Knote: [m[K                ‘[01m[Kstd::shared_ptr<_Tp> std::enable_shared_from_this<_Tp>::[01;32m[Kshared_from_this[m[K() [35m[K[with _Tp = DeckLinkCameraDriver][m[K[m[K’
[2.942s]   934 |       [01;36m[Kshared_from_this[m[K()
[2.942s]       |       [01;36m[K^~~~~~~~~~~~~~~~[m[K
[2.942s] [01m[K/usr/include/c++/13/bits/shared_ptr.h:938:7:[m[K [01;36m[Knote: [m[K                ‘[01m[Kstd::shared_ptr<const _Tp> std::enable_shared_from_this<_Tp>::[01;32m[Kshared_from_this[m[K() const [35m[K[with _Tp = rclcpp::Node][m[K[m[K’
[2.942s]   938 |       [01;36m[Kshared_from_this[m[K() const
[2.942s]       |       [01;36m[K^~~~~~~~~~~~~~~~[m[K
[2.942s] [01m[K/usr/include/c++/13/bits/shared_ptr.h:934:7:[m[K [01;36m[Knote: [m[K                ‘[01m[Kstd::shared_ptr<_Tp> std::enable_shared_from_this<_Tp>::[01;32m[Kshared_from_this[m[K() [35m[K[with _Tp = rclcpp::Node][m[K[m[K’
[2.943s]   934 |       [01;36m[Kshared_from_this[m[K()
[2.943s]       |       [01;36m[K^~~~~~~~~~~~~~~~[m[K
[3.751s] In file included from [01m[K/home/mhenkel/Documents/hi_decklink_ros2/src/decklink_camera_driver.cpp:9[m[K:
[3.751s] [01m[K/home/mhenkel/Documents/hi_decklink_ros2/include/decklink_camera_driver.hpp:[m[K In member function ‘[01m[Kvoid DeckLinkCameraDriver::[01;32m[Kinit_image_transport[m[K()[m[K’:
[3.751s] [01m[K/home/mhenkel/Documents/hi_decklink_ros2/include/decklink_camera_driver.hpp:25:65:[m[K [01;31m[Kerror: [m[Kreference to ‘[01m[Kshared_from_this[m[K’ is ambiguous
[3.751s]    25 |         _it = std::make_unique<image_transport::ImageTransport>([01;31m[Kshared_from_this[m[K());
[3.751s]       |                                                                 [01;31m[K^~~~~~~~~~~~~~~~[m[K
[3.752s] In file included from [01m[K/usr/include/c++/13/memory:80[m[K,
[3.752s]                  from [01m[K/opt/ros/jazzy/include/sensor_msgs/sensor_msgs/msg/detail/image__struct.hpp:13[m[K,
[3.752s]                  from [01m[K/opt/ros/jazzy/include/sensor_msgs/sensor_msgs/msg/image.hpp:7[m[K,
[3.752s]                  from [01m[K/opt/ros/jazzy/include/cv_bridge/cv_bridge/cv_bridge.hpp:40[m[K,
[3.752s]                  from [01m[K/home/mhenkel/Documents/hi_decklink_ros2/src/decklink_camera_driver.cpp:5[m[K:
[3.752s] [01m[K/usr/include/c++/13/bits/shared_ptr.h:938:7:[m[K [01;36m[Knote: [m[Kcandidates are: ‘[01m[Kstd::shared_ptr<const _Tp> std::enable_shared_from_this<_Tp>::[01;32m[Kshared_from_this[m[K() const [35m[K[with _Tp = DeckLinkCameraDriver][m[K[m[K’
[3.752s]   938 |       [01;36m[Kshared_from_this[m[K() const
[3.752s]       |       [01;36m[K^~~~~~~~~~~~~~~~[m[K
[3.753s] [01m[K/usr/include/c++/13/bits/shared_ptr.h:934:7:[m[K [01;36m[Knote: [m[K                ‘[01m[Kstd::shared_ptr<_Tp> std::enable_shared_from_this<_Tp>::[01;32m[Kshared_from_this[m[K() [35m[K[with _Tp = DeckLinkCameraDriver][m[K[m[K’
[3.753s]   934 |       [01;36m[Kshared_from_this[m[K()
[3.753s]       |       [01;36m[K^~~~~~~~~~~~~~~~[m[K
[3.753s] [01m[K/usr/include/c++/13/bits/shared_ptr.h:938:7:[m[K [01;36m[Knote: [m[K                ‘[01m[Kstd::shared_ptr<const _Tp> std::enable_shared_from_this<_Tp>::[01;32m[Kshared_from_this[m[K() const [35m[K[with _Tp = rclcpp::Node][m[K[m[K’
[3.753s]   938 |       [01;36m[Kshared_from_this[m[K() const
[3.753s]       |       [01;36m[K^~~~~~~~~~~~~~~~[m[K
[3.753s] [01m[K/usr/include/c++/13/bits/shared_ptr.h:934:7:[m[K [01;36m[Knote: [m[K                ‘[01m[Kstd::shared_ptr<_Tp> std::enable_shared_from_this<_Tp>::[01;32m[Kshared_from_this[m[K() [35m[K[with _Tp = rclcpp::Node][m[K[m[K’
[3.753s]   934 |       [01;36m[Kshared_from_this[m[K()
[3.753s]       |       [01;36m[K^~~~~~~~~~~~~~~~[m[K
[4.175s] gmake[2]: *** [CMakeFiles/publisher.dir/build.make:76: CMakeFiles/publisher.dir/src/publisher.cpp.o] Error 1
[4.175s] gmake[2]: *** Waiting for unfinished jobs....
[5.138s] gmake[2]: *** [CMakeFiles/publisher.dir/build.make:90: CMakeFiles/publisher.dir/src/decklink_camera_driver.cpp.o] Error 1
[5.138s] gmake[1]: *** [CMakeFiles/Makefile2:168: CMakeFiles/publisher.dir/all] Error 2
[5.138s] gmake: *** [Makefile:146: all] Error 2
[5.141s] Invoked command in '/home/mhenkel/Documents/hi_decklink_ros2/build/hi_decklink_ros2' returned '2': CMAKE_PREFIX_PATH=${CMAKE_PREFIX_PATH}:/opt/ros/jazzy DEBUGINFOD_URLS=https://debuginfod.ubuntu.com /usr/bin/cmake --build /home/mhenkel/Documents/hi_decklink_ros2/build/hi_decklink_ros2 -- -j8 -l8
