[0.132s] DEBUG:colcon:Command line arguments: ['/usr/bin/colcon', 'build', '--symlink-install']
[0.132s] DEBUG:colcon:Parsed command line arguments: Namespace(log_base=None, log_level=None, verb_name='build', build_base='build', install_base='install', merge_install=False, symlink_install=True, test_result_base=None, continue_on_error=False, executor='parallel', parallel_workers=8, event_handlers=None, ignore_user_meta=False, metas=['./colcon.meta'], base_paths=['.'], packages_ignore=None, packages_ignore_regex=None, paths=None, packages_up_to=None, packages_up_to_regex=None, packages_above=None, packages_above_and_dependencies=None, packages_above_depth=None, packages_select_by_dep=None, packages_skip_by_dep=None, packages_skip_up_to=None, packages_select_build_failed=False, packages_skip_build_finished=False, packages_select_test_failures=False, packages_skip_test_passed=False, packages_select=None, packages_skip=None, packages_select_regex=None, packages_skip_regex=None, packages_start=None, packages_end=None, allow_overriding=[], cmake_args=None, cmake_target=None, cmake_target_skip_unavailable=False, cmake_clean_cache=False, cmake_clean_first=False, cmake_force_configure=False, ament_cmake_args=None, catkin_cmake_args=None, catkin_skip_building_tests=False, mixin_files=None, mixin=None, verb_parser=<colcon_mixin.mixin.mixin_argument.MixinArgumentDecorator object at 0x7467c5591ca0>, verb_extension=<colcon_core.verb.build.BuildVerb object at 0x7467c5591a00>, main=<bound method BuildVerb.main of <colcon_core.verb.build.BuildVerb object at 0x7467c5591a00>>, mixin_verb=('build',))
[0.178s] Level 1:colcon.colcon_core.package_discovery:discover_packages(colcon_meta) check parameters
[0.178s] Level 1:colcon.colcon_core.package_discovery:discover_packages(recursive) check parameters
[0.178s] Level 1:colcon.colcon_core.package_discovery:discover_packages(ignore) check parameters
[0.178s] Level 1:colcon.colcon_core.package_discovery:discover_packages(path) check parameters
[0.178s] Level 1:colcon.colcon_core.package_discovery:discover_packages(colcon_meta) discover
[0.178s] Level 1:colcon.colcon_core.package_discovery:discover_packages(recursive) discover
[0.179s] INFO:colcon.colcon_core.package_discovery:Crawling recursively for packages in '/home/mhenkel/Documents/hi_decklink_ros2'
[0.179s] Level 1:colcon.colcon_core.package_identification:_identify(.) by extensions ['ignore', 'ignore_ament_install']
[0.179s] Level 1:colcon.colcon_core.package_identification:_identify(.) by extension 'ignore'
[0.179s] Level 1:colcon.colcon_core.package_identification:_identify(.) by extension 'ignore_ament_install'
[0.179s] Level 1:colcon.colcon_core.package_identification:_identify(.) by extensions ['colcon_pkg']
[0.179s] Level 1:colcon.colcon_core.package_identification:_identify(.) by extension 'colcon_pkg'
[0.179s] Level 1:colcon.colcon_core.package_identification:_identify(.) by extensions ['colcon_meta']
[0.179s] Level 1:colcon.colcon_core.package_identification:_identify(.) by extension 'colcon_meta'
[0.179s] Level 1:colcon.colcon_core.package_identification:_identify(.) by extensions ['ros']
[0.179s] Level 1:colcon.colcon_core.package_identification:_identify(.) by extension 'ros'
[0.214s] DEBUG:colcon.colcon_core.package_identification:Package '.' with type 'ros.ament_cmake' and name 'hi_decklink_ros2'
[0.215s] Level 1:colcon.colcon_core.package_discovery:discover_packages(recursive) using defaults
[0.215s] Level 1:colcon.colcon_core.package_discovery:discover_packages(ignore) discover
[0.215s] Level 1:colcon.colcon_core.package_discovery:discover_packages(ignore) using defaults
[0.215s] Level 1:colcon.colcon_core.package_discovery:discover_packages(path) discover
[0.215s] Level 1:colcon.colcon_core.package_discovery:discover_packages(path) using defaults
[0.235s] Level 1:colcon.colcon_core.package_discovery:discover_packages(prefix_path) check parameters
[0.235s] Level 1:colcon.colcon_core.package_discovery:discover_packages(prefix_path) discover
[0.236s] DEBUG:colcon.colcon_installed_package_information.package_discovery:Found 1 installed packages in /home/mhenkel/Documents/hi_decklink_ros2/install
[0.238s] DEBUG:colcon.colcon_installed_package_information.package_discovery:Found 322 installed packages in /opt/ros/jazzy
[0.238s] Level 1:colcon.colcon_core.package_discovery:discover_packages(prefix_path) using defaults
[0.297s] Level 5:colcon.colcon_core.verb:set package 'hi_decklink_ros2' build argument 'cmake_args' from command line to 'None'
[0.297s] Level 5:colcon.colcon_core.verb:set package 'hi_decklink_ros2' build argument 'cmake_target' from command line to 'None'
[0.297s] Level 5:colcon.colcon_core.verb:set package 'hi_decklink_ros2' build argument 'cmake_target_skip_unavailable' from command line to 'False'
[0.297s] Level 5:colcon.colcon_core.verb:set package 'hi_decklink_ros2' build argument 'cmake_clean_cache' from command line to 'False'
[0.297s] Level 5:colcon.colcon_core.verb:set package 'hi_decklink_ros2' build argument 'cmake_clean_first' from command line to 'False'
[0.297s] Level 5:colcon.colcon_core.verb:set package 'hi_decklink_ros2' build argument 'cmake_force_configure' from command line to 'False'
[0.297s] Level 5:colcon.colcon_core.verb:set package 'hi_decklink_ros2' build argument 'ament_cmake_args' from command line to 'None'
[0.297s] Level 5:colcon.colcon_core.verb:set package 'hi_decklink_ros2' build argument 'catkin_cmake_args' from command line to 'None'
[0.297s] Level 5:colcon.colcon_core.verb:set package 'hi_decklink_ros2' build argument 'catkin_skip_building_tests' from command line to 'False'
[0.297s] DEBUG:colcon.colcon_core.verb:Building package 'hi_decklink_ros2' with the following arguments: {'ament_cmake_args': None, 'build_base': '/home/mhenkel/Documents/hi_decklink_ros2/build/hi_decklink_ros2', 'catkin_cmake_args': None, 'catkin_skip_building_tests': False, 'cmake_args': None, 'cmake_clean_cache': False, 'cmake_clean_first': False, 'cmake_force_configure': False, 'cmake_target': None, 'cmake_target_skip_unavailable': False, 'install_base': '/home/mhenkel/Documents/hi_decklink_ros2/install/hi_decklink_ros2', 'merge_install': False, 'path': '/home/mhenkel/Documents/hi_decklink_ros2', 'symlink_install': True, 'test_result_base': None}
[0.297s] INFO:colcon.colcon_core.executor:Executing jobs using 'parallel' executor
[0.298s] DEBUG:colcon.colcon_parallel_executor.executor.parallel:run_until_complete
[0.298s] INFO:colcon.colcon_ros.task.ament_cmake.build:Building ROS package in '/home/mhenkel/Documents/hi_decklink_ros2' with build type 'ament_cmake'
[0.299s] INFO:colcon.colcon_cmake.task.cmake.build:Building CMake package in '/home/mhenkel/Documents/hi_decklink_ros2'
[0.301s] INFO:colcon.colcon_core.plugin_system:Skipping extension 'colcon_core.shell.bat': Not used on non-Windows systems
[0.301s] INFO:colcon.colcon_core.shell:Skip shell extension 'powershell' for command environment: Not usable outside of PowerShell
[0.301s] DEBUG:colcon.colcon_core.shell:Skip shell extension 'dsv' for command environment
[0.312s] DEBUG:colcon.colcon_core.event_handler.log_command:Invoking command in '/home/mhenkel/Documents/hi_decklink_ros2/build/hi_decklink_ros2': CMAKE_PREFIX_PATH=${CMAKE_PREFIX_PATH}:/opt/ros/jazzy DEBUGINFOD_URLS=https://debuginfod.ubuntu.com /usr/bin/cmake --build /home/mhenkel/Documents/hi_decklink_ros2/build/hi_decklink_ros2 -- -j8 -l8
[21.984s] DEBUG:colcon.colcon_core.event_handler.log_command:Invoked command in '/home/mhenkel/Documents/hi_decklink_ros2/build/hi_decklink_ros2' returned '0': CMAKE_PREFIX_PATH=${CMAKE_PREFIX_PATH}:/opt/ros/jazzy DEBUGINFOD_URLS=https://debuginfod.ubuntu.com /usr/bin/cmake --build /home/mhenkel/Documents/hi_decklink_ros2/build/hi_decklink_ros2 -- -j8 -l8
[21.999s] DEBUG:colcon.colcon_core.event_handler.log_command:Invoking command in '/home/mhenkel/Documents/hi_decklink_ros2/build/hi_decklink_ros2': CMAKE_PREFIX_PATH=${CMAKE_PREFIX_PATH}:/opt/ros/jazzy DEBUGINFOD_URLS=https://debuginfod.ubuntu.com /usr/bin/cmake --install /home/mhenkel/Documents/hi_decklink_ros2/build/hi_decklink_ros2
[22.036s] Level 1:colcon.colcon_core.environment:create_environment_scripts_only(hi_decklink_ros2)
[22.037s] DEBUG:colcon.colcon_core.event_handler.log_command:Invoked command in '/home/mhenkel/Documents/hi_decklink_ros2/build/hi_decklink_ros2' returned '0': CMAKE_PREFIX_PATH=${CMAKE_PREFIX_PATH}:/opt/ros/jazzy DEBUGINFOD_URLS=https://debuginfod.ubuntu.com /usr/bin/cmake --install /home/mhenkel/Documents/hi_decklink_ros2/build/hi_decklink_ros2
[22.040s] Level 1:colcon.colcon_core.environment:checking '/home/mhenkel/Documents/hi_decklink_ros2/install/hi_decklink_ros2' for CMake module files
[22.041s] Level 1:colcon.colcon_core.environment:checking '/home/mhenkel/Documents/hi_decklink_ros2/install/hi_decklink_ros2' for CMake config files
[22.042s] Level 1:colcon.colcon_core.shell:create_environment_hook('hi_decklink_ros2', 'cmake_prefix_path')
[22.042s] INFO:colcon.colcon_core.shell:Creating environment hook '/home/mhenkel/Documents/hi_decklink_ros2/install/hi_decklink_ros2/share/hi_decklink_ros2/hook/cmake_prefix_path.ps1'
[22.043s] INFO:colcon.colcon_core.shell:Creating environment descriptor '/home/mhenkel/Documents/hi_decklink_ros2/install/hi_decklink_ros2/share/hi_decklink_ros2/hook/cmake_prefix_path.dsv'
[22.043s] INFO:colcon.colcon_core.shell:Creating environment hook '/home/mhenkel/Documents/hi_decklink_ros2/install/hi_decklink_ros2/share/hi_decklink_ros2/hook/cmake_prefix_path.sh'
[22.045s] Level 1:colcon.colcon_core.environment:checking '/home/mhenkel/Documents/hi_decklink_ros2/install/hi_decklink_ros2/lib'
[22.045s] Level 1:colcon.colcon_core.environment:checking '/home/mhenkel/Documents/hi_decklink_ros2/install/hi_decklink_ros2/bin'
[22.046s] Level 1:colcon.colcon_core.environment:checking '/home/mhenkel/Documents/hi_decklink_ros2/install/hi_decklink_ros2/lib/pkgconfig/hi_decklink_ros2.pc'
[22.046s] Level 1:colcon.colcon_core.environment:checking '/home/mhenkel/Documents/hi_decklink_ros2/install/hi_decklink_ros2/lib/python3.12/site-packages'
[22.046s] Level 1:colcon.colcon_core.environment:checking '/home/mhenkel/Documents/hi_decklink_ros2/install/hi_decklink_ros2/bin'
[22.046s] INFO:colcon.colcon_core.shell:Creating package script '/home/mhenkel/Documents/hi_decklink_ros2/install/hi_decklink_ros2/share/hi_decklink_ros2/package.ps1'
[22.047s] INFO:colcon.colcon_core.shell:Creating package descriptor '/home/mhenkel/Documents/hi_decklink_ros2/install/hi_decklink_ros2/share/hi_decklink_ros2/package.dsv'
[22.047s] INFO:colcon.colcon_core.shell:Creating package script '/home/mhenkel/Documents/hi_decklink_ros2/install/hi_decklink_ros2/share/hi_decklink_ros2/package.sh'
[22.048s] INFO:colcon.colcon_core.shell:Creating package script '/home/mhenkel/Documents/hi_decklink_ros2/install/hi_decklink_ros2/share/hi_decklink_ros2/package.bash'
[22.048s] INFO:colcon.colcon_core.shell:Creating package script '/home/mhenkel/Documents/hi_decklink_ros2/install/hi_decklink_ros2/share/hi_decklink_ros2/package.zsh'
[22.049s] Level 1:colcon.colcon_core.environment:create_file_with_runtime_dependencies(/home/mhenkel/Documents/hi_decklink_ros2/install/hi_decklink_ros2/share/colcon-core/packages/hi_decklink_ros2)
[22.050s] Level 1:colcon.colcon_core.environment:create_environment_scripts_only(hi_decklink_ros2)
[22.050s] Level 1:colcon.colcon_core.environment:checking '/home/mhenkel/Documents/hi_decklink_ros2/install/hi_decklink_ros2' for CMake module files
[22.051s] Level 1:colcon.colcon_core.environment:checking '/home/mhenkel/Documents/hi_decklink_ros2/install/hi_decklink_ros2' for CMake config files
[22.051s] Level 1:colcon.colcon_core.shell:create_environment_hook('hi_decklink_ros2', 'cmake_prefix_path')
[22.052s] INFO:colcon.colcon_core.shell:Creating environment hook '/home/mhenkel/Documents/hi_decklink_ros2/install/hi_decklink_ros2/share/hi_decklink_ros2/hook/cmake_prefix_path.ps1'
[22.052s] INFO:colcon.colcon_core.shell:Creating environment descriptor '/home/mhenkel/Documents/hi_decklink_ros2/install/hi_decklink_ros2/share/hi_decklink_ros2/hook/cmake_prefix_path.dsv'
[22.052s] INFO:colcon.colcon_core.shell:Creating environment hook '/home/mhenkel/Documents/hi_decklink_ros2/install/hi_decklink_ros2/share/hi_decklink_ros2/hook/cmake_prefix_path.sh'
[22.053s] Level 1:colcon.colcon_core.environment:checking '/home/mhenkel/Documents/hi_decklink_ros2/install/hi_decklink_ros2/lib'
[22.053s] Level 1:colcon.colcon_core.environment:checking '/home/mhenkel/Documents/hi_decklink_ros2/install/hi_decklink_ros2/bin'
[22.053s] Level 1:colcon.colcon_core.environment:checking '/home/mhenkel/Documents/hi_decklink_ros2/install/hi_decklink_ros2/lib/pkgconfig/hi_decklink_ros2.pc'
[22.053s] Level 1:colcon.colcon_core.environment:checking '/home/mhenkel/Documents/hi_decklink_ros2/install/hi_decklink_ros2/lib/python3.12/site-packages'
[22.054s] Level 1:colcon.colcon_core.environment:checking '/home/mhenkel/Documents/hi_decklink_ros2/install/hi_decklink_ros2/bin'
[22.054s] INFO:colcon.colcon_core.shell:Creating package script '/home/mhenkel/Documents/hi_decklink_ros2/install/hi_decklink_ros2/share/hi_decklink_ros2/package.ps1'
[22.054s] INFO:colcon.colcon_core.shell:Creating package descriptor '/home/mhenkel/Documents/hi_decklink_ros2/install/hi_decklink_ros2/share/hi_decklink_ros2/package.dsv'
[22.055s] INFO:colcon.colcon_core.shell:Creating package script '/home/mhenkel/Documents/hi_decklink_ros2/install/hi_decklink_ros2/share/hi_decklink_ros2/package.sh'
[22.055s] INFO:colcon.colcon_core.shell:Creating package script '/home/mhenkel/Documents/hi_decklink_ros2/install/hi_decklink_ros2/share/hi_decklink_ros2/package.bash'
[22.055s] INFO:colcon.colcon_core.shell:Creating package script '/home/mhenkel/Documents/hi_decklink_ros2/install/hi_decklink_ros2/share/hi_decklink_ros2/package.zsh'
[22.056s] Level 1:colcon.colcon_core.environment:create_file_with_runtime_dependencies(/home/mhenkel/Documents/hi_decklink_ros2/install/hi_decklink_ros2/share/colcon-core/packages/hi_decklink_ros2)
[22.056s] DEBUG:colcon.colcon_parallel_executor.executor.parallel:closing loop
[22.057s] DEBUG:colcon.colcon_parallel_executor.executor.parallel:loop closed
[22.057s] DEBUG:colcon.colcon_parallel_executor.executor.parallel:run_until_complete finished with '0'
[22.057s] DEBUG:colcon.colcon_core.event_reactor:joining thread
[22.064s] INFO:colcon.colcon_core.plugin_system:Skipping extension 'colcon_notification.desktop_notification.terminal_notifier': Not used on non-Darwin systems
[22.064s] INFO:colcon.colcon_core.plugin_system:Skipping extension 'colcon_notification.desktop_notification.win32': Not used on non-Windows systems
[22.064s] INFO:colcon.colcon_notification.desktop_notification:Sending desktop notification using 'notify2'
[22.086s] DEBUG:colcon.colcon_core.event_reactor:joined thread
[22.086s] INFO:colcon.colcon_core.shell:Creating prefix script '/home/mhenkel/Documents/hi_decklink_ros2/install/local_setup.ps1'
[22.087s] INFO:colcon.colcon_core.shell:Creating prefix util module '/home/mhenkel/Documents/hi_decklink_ros2/install/_local_setup_util_ps1.py'
[22.088s] INFO:colcon.colcon_core.shell:Creating prefix chain script '/home/mhenkel/Documents/hi_decklink_ros2/install/setup.ps1'
[22.089s] INFO:colcon.colcon_core.shell:Creating prefix script '/home/mhenkel/Documents/hi_decklink_ros2/install/local_setup.sh'
[22.090s] INFO:colcon.colcon_core.shell:Creating prefix util module '/home/mhenkel/Documents/hi_decklink_ros2/install/_local_setup_util_sh.py'
[22.092s] INFO:colcon.colcon_core.shell:Creating prefix chain script '/home/mhenkel/Documents/hi_decklink_ros2/install/setup.sh'
[22.094s] INFO:colcon.colcon_core.shell:Creating prefix script '/home/mhenkel/Documents/hi_decklink_ros2/install/local_setup.bash'
[22.097s] INFO:colcon.colcon_core.shell:Creating prefix chain script '/home/mhenkel/Documents/hi_decklink_ros2/install/setup.bash'
[22.098s] INFO:colcon.colcon_core.shell:Creating prefix script '/home/mhenkel/Documents/hi_decklink_ros2/install/local_setup.zsh'
[22.098s] INFO:colcon.colcon_core.shell:Creating prefix chain script '/home/mhenkel/Documents/hi_decklink_ros2/install/setup.zsh'
