[0.011s] Invoking command in '/home/mhenkel/Documents/hi_decklink_ros2/build/hi_decklink_ros2': CMAKE_PREFIX_PATH=${CMAKE_PREFIX_PATH}:/opt/ros/jazzy DEBUGINFOD_URLS=https://debuginfod.ubuntu.com /usr/bin/cmake --build /home/mhenkel/Documents/hi_decklink_ros2/build/hi_decklink_ros2 -- -j8 -l8
[0.068s] [ 41%] Built target decklink
[0.122s] [ 48%] Built target deckstatus
[0.122s] [ 55%] Built target deckview
[0.131s] [ 68%] Built target deckmonitor
[0.136s] [ 68%] Built target deckoutput
[0.136s] [ 75%] Built target deckquery
[0.147s] [ 86%] Built target publisher
[0.147s] [ 93%] Built target img2ros
[0.151s] [ 96%] [32mBuilding CXX object CMakeFiles/subscriber.dir/src/subscriber.cpp.o[0m
[3.030s] [01m[K/home/mhenkel/Documents/hi_decklink_ros2/src/subscriber.cpp:48:1:[m[K [01;35m[Kwarning: [m[K‘[01m[Ksensor_msgs::msg::Image_<std::allocator<void> >::ConstPtr[m[K’ is deprecated [[01;35m[K]8;;https://gcc.gnu.org/onlinedocs/gcc/Warning-Options.html#index-Wdeprecated-declarations-Wdeprecated-declarations]8;;[m[K]
[3.030s]    48 | [01;35m[K)[m[K {
[3.030s]       | [01;35m[K^[m[K
[3.030s] In file included from [01m[K/opt/ros/jazzy/include/sensor_msgs/sensor_msgs/msg/image.hpp:7[m[K,
[3.031s]                  from [01m[K/home/mhenkel/Documents/hi_decklink_ros2/src/subscriber.cpp:13[m[K:
[3.031s] [01m[K/opt/ros/jazzy/include/sensor_msgs/sensor_msgs/msg/detail/image__struct.hpp:176:5:[m[K [01;36m[Knote: [m[Kdeclared here
[3.031s]   176 |     [01;36m[KConstPtr[m[K;
[3.031s]       |     [01;36m[K^~~~~~~~[m[K
[3.037s] [01m[K/home/mhenkel/Documents/hi_decklink_ros2/src/subscriber.cpp:[m[K In function ‘[01m[Kvoid[01;32m[K OnFrameReceived[m[K(DeckLink::DeviceOutputInterface&, DeckLink::PixelFormat, const DeckLink::DisplayMode&, const sensor_msgs::msg::Image_<std::allocator<void> >::ConstPtr&)[m[K’:
[3.037s] [01m[K/home/mhenkel/Documents/hi_decklink_ros2/src/subscriber.cpp:73:28:[m[K [01;35m[Kwarning: [m[Kcomparison of integer expressions of different signedness: ‘[01m[Ksize_t[m[K’ {aka ‘[01m[Klong unsigned int[m[K’} and ‘[01m[Klong int[m[K’ [[01;35m[K]8;;https://gcc.gnu.org/onlinedocs/gcc/Warning-Options.html#index-Wsign-compare-Wsign-compare]8;;[m[K]
[3.037s]    73 |     if ([01;35m[Kcv_ptr->image.step == frame.row_bytes()[m[K){
[3.037s]       |         [01;35m[K~~~~~~~~~~~~~~~~~~~^~~~~~~~~~~~~~~~~~~~[m[K
[3.049s] [01m[K/home/mhenkel/Documents/hi_decklink_ros2/src/subscriber.cpp:[m[K In function ‘[01m[Kint[01;32m[K main[m[K(int, char**)[m[K’:
[3.049s] [01m[K/home/mhenkel/Documents/hi_decklink_ros2/src/subscriber.cpp:221:32:[m[K [01;31m[Kerror: [m[K‘[01m[Kbind[m[K’ is not a member of ‘[01m[Kboost[m[K’; did you mean ‘[01m[Kstd::bind[m[K’?
[3.049s]   221 |         auto frame_cb = boost::[01;31m[Kbind[m[K(OnFrameReceived,
[3.049s]       |                                [01;31m[K^~~~[m[K
[3.049s] In file included from [01m[K/opt/ros/jazzy/include/rclcpp/rclcpp/utilities.hpp:19[m[K,
[3.049s]                  from [01m[K/opt/ros/jazzy/include/rclcpp/rclcpp/logging.hpp:25[m[K,
[3.049s]                  from [01m[K/opt/ros/jazzy/include/rclcpp/rclcpp/copy_all_parameter_values.hpp:27[m[K,
[3.049s]                  from [01m[K/opt/ros/jazzy/include/rclcpp/rclcpp/rclcpp.hpp:171[m[K,
[3.049s]                  from [01m[K/home/mhenkel/Documents/hi_decklink_ros2/src/subscriber.cpp:12[m[K:
[3.050s] [01m[K/usr/include/c++/13/functional:906:5:[m[K [01;36m[Knote: [m[K‘[01m[Kstd::bind[m[K’ declared here
[3.050s]   906 |     [01;36m[Kbind[m[K(_Func&& __f, _BoundArgs&&... __args)
[3.050s]       |     [01;36m[K^~~~[m[K
[3.050s] [01m[K/home/mhenkel/Documents/hi_decklink_ros2/src/subscriber.cpp:228:50:[m[K [01;31m[Kerror: [m[Kno matching function for call to ‘[01m[Krclcpp::Node::create_subscription(const char [22], int, void (&)(const std_msgs::msg::Bool&))[m[K’
[3.050s]   228 |         auto sub_full = [01;31m[Knode->create_subscription("function/output_write", 1, writeCallback)[m[K;
[3.050s]       |                         [01;31m[K~~~~~~~~~~~~~~~~~~~~~~~~~^~~~~~~~~~~~~~~~~~~~~~~~~~~~~~~~~~~~~~~~~~~[m[K
[3.051s] In file included from [01m[K/opt/ros/jazzy/include/rclcpp/rclcpp/executors/single_threaded_executor.hpp:28[m[K,
[3.051s]                  from [01m[K/opt/ros/jazzy/include/rclcpp/rclcpp/executors.hpp:22[m[K,
[3.051s]                  from [01m[K/opt/ros/jazzy/include/rclcpp/rclcpp/rclcpp.hpp:172[m[K:
[3.051s] [01m[K/opt/ros/jazzy/include/rclcpp/rclcpp/node.hpp:221:3:[m[K [01;36m[Knote: [m[Kcandidate: ‘[01m[Ktemplate<class MessageT, class CallbackT, class AllocatorT, class SubscriptionT, class MessageMemoryStrategyT> std::shared_ptr<ROSMessageT> rclcpp::Node::[01;32m[Kcreate_subscription[m[K(const std::string&, const rclcpp::QoS&, CallbackT&&, const rclcpp::SubscriptionOptionsWithAllocator<AllocatorT>&, typename MessageMemoryStrategyT::SharedPtr)[m[K’
[3.051s]   221 |   [01;36m[Kcreate_subscription[m[K(
[3.051s]       |   [01;36m[K^~~~~~~~~~~~~~~~~~~[m[K
[3.051s] [01m[K/opt/ros/jazzy/include/rclcpp/rclcpp/node.hpp:221:3:[m[K [01;36m[Knote: [m[K  template argument deduction/substitution failed:
[3.052s] [01m[K/home/mhenkel/Documents/hi_decklink_ros2/src/subscriber.cpp:228:50:[m[K [01;36m[Knote: [m[K  couldn’t deduce template parameter ‘[01m[KMessageT[m[K’
[3.052s]   228 |         auto sub_full = [01;36m[Knode->create_subscription("function/output_write", 1, writeCallback)[m[K;
[3.052s]       |                         [01;36m[K~~~~~~~~~~~~~~~~~~~~~~~~~^~~~~~~~~~~~~~~~~~~~~~~~~~~~~~~~~~~~~~~~~~~[m[K
[4.460s] gmake[2]: *** [CMakeFiles/subscriber.dir/build.make:76: CMakeFiles/subscriber.dir/src/subscriber.cpp.o] Error 1
[4.460s] gmake[1]: *** [CMakeFiles/Makefile2:196: CMakeFiles/subscriber.dir/all] Error 2
[4.460s] gmake: *** [Makefile:146: all] Error 2
[4.463s] Invoked command in '/home/mhenkel/Documents/hi_decklink_ros2/build/hi_decklink_ros2' returned '2': CMAKE_PREFIX_PATH=${CMAKE_PREFIX_PATH}:/opt/ros/jazzy DEBUGINFOD_URLS=https://debuginfod.ubuntu.com /usr/bin/cmake --build /home/mhenkel/Documents/hi_decklink_ros2/build/hi_decklink_ros2 -- -j8 -l8
