[0.097s] DEBUG:colcon:Command line arguments: ['/usr/bin/colcon', 'build', '--symlink-install']
[0.097s] DEBUG:colcon:Parsed command line arguments: Namespace(log_base=None, log_level=None, verb_name='build', build_base='build', install_base='install', merge_install=False, symlink_install=True, test_result_base=None, continue_on_error=False, executor='parallel', parallel_workers=8, event_handlers=None, ignore_user_meta=False, metas=['./colcon.meta'], base_paths=['.'], packages_ignore=None, packages_ignore_regex=None, paths=None, packages_up_to=None, packages_up_to_regex=None, packages_above=None, packages_above_and_dependencies=None, packages_above_depth=None, packages_select_by_dep=None, packages_skip_by_dep=None, packages_skip_up_to=None, packages_select_build_failed=False, packages_skip_build_finished=False, packages_select_test_failures=False, packages_skip_test_passed=False, packages_select=None, packages_skip=None, packages_select_regex=None, packages_skip_regex=None, packages_start=None, packages_end=None, allow_overriding=[], cmake_args=None, cmake_target=None, cmake_target_skip_unavailable=False, cmake_clean_cache=False, cmake_clean_first=False, cmake_force_configure=False, ament_cmake_args=None, catkin_cmake_args=None, catkin_skip_building_tests=False, mixin_files=None, mixin=None, verb_parser=<colcon_mixin.mixin.mixin_argument.MixinArgumentDecorator object at 0x7b1e8bd818b0>, verb_extension=<colcon_core.verb.build.BuildVerb object at 0x7b1e8bd81610>, main=<bound method BuildVerb.main of <colcon_core.verb.build.BuildVerb object at 0x7b1e8bd81610>>, mixin_verb=('build',))
[0.131s] Level 1:colcon.colcon_core.package_discovery:discover_packages(colcon_meta) check parameters
[0.131s] Level 1:colcon.colcon_core.package_discovery:discover_packages(recursive) check parameters
[0.131s] Level 1:colcon.colcon_core.package_discovery:discover_packages(ignore) check parameters
[0.131s] Level 1:colcon.colcon_core.package_discovery:discover_packages(path) check parameters
[0.131s] Level 1:colcon.colcon_core.package_discovery:discover_packages(colcon_meta) discover
[0.131s] Level 1:colcon.colcon_core.package_discovery:discover_packages(recursive) discover
[0.131s] INFO:colcon.colcon_core.package_discovery:Crawling recursively for packages in '/home/mhenkel/Documents/hi_decklink_ros2'
[0.131s] Level 1:colcon.colcon_core.package_identification:_identify(.) by extensions ['ignore', 'ignore_ament_install']
[0.131s] Level 1:colcon.colcon_core.package_identification:_identify(.) by extension 'ignore'
[0.131s] Level 1:colcon.colcon_core.package_identification:_identify(.) by extension 'ignore_ament_install'
[0.131s] Level 1:colcon.colcon_core.package_identification:_identify(.) by extensions ['colcon_pkg']
[0.131s] Level 1:colcon.colcon_core.package_identification:_identify(.) by extension 'colcon_pkg'
[0.131s] Level 1:colcon.colcon_core.package_identification:_identify(.) by extensions ['colcon_meta']
[0.131s] Level 1:colcon.colcon_core.package_identification:_identify(.) by extension 'colcon_meta'
[0.132s] Level 1:colcon.colcon_core.package_identification:_identify(.) by extensions ['ros']
[0.132s] Level 1:colcon.colcon_core.package_identification:_identify(.) by extension 'ros'
[0.156s] DEBUG:colcon.colcon_core.package_identification:Package '.' with type 'ros.ament_cmake' and name 'hi_decklink_ros2'
[0.156s] Level 1:colcon.colcon_core.package_discovery:discover_packages(recursive) using defaults
[0.156s] Level 1:colcon.colcon_core.package_discovery:discover_packages(ignore) discover
[0.156s] Level 1:colcon.colcon_core.package_discovery:discover_packages(ignore) using defaults
[0.156s] Level 1:colcon.colcon_core.package_discovery:discover_packages(path) discover
[0.156s] Level 1:colcon.colcon_core.package_discovery:discover_packages(path) using defaults
[0.171s] Level 1:colcon.colcon_core.package_discovery:discover_packages(prefix_path) check parameters
[0.171s] Level 1:colcon.colcon_core.package_discovery:discover_packages(prefix_path) discover
[0.172s] DEBUG:colcon.colcon_installed_package_information.package_discovery:Found 1 installed packages in /home/mhenkel/Documents/hi_decklink_ros2/install
[0.174s] DEBUG:colcon.colcon_installed_package_information.package_discovery:Found 321 installed packages in /opt/ros/jazzy
[0.175s] Level 1:colcon.colcon_core.package_discovery:discover_packages(prefix_path) using defaults
[0.220s] Level 5:colcon.colcon_core.verb:set package 'hi_decklink_ros2' build argument 'cmake_args' from command line to 'None'
[0.220s] Level 5:colcon.colcon_core.verb:set package 'hi_decklink_ros2' build argument 'cmake_target' from command line to 'None'
[0.220s] Level 5:colcon.colcon_core.verb:set package 'hi_decklink_ros2' build argument 'cmake_target_skip_unavailable' from command line to 'False'
[0.220s] Level 5:colcon.colcon_core.verb:set package 'hi_decklink_ros2' build argument 'cmake_clean_cache' from command line to 'False'
[0.220s] Level 5:colcon.colcon_core.verb:set package 'hi_decklink_ros2' build argument 'cmake_clean_first' from command line to 'False'
[0.220s] Level 5:colcon.colcon_core.verb:set package 'hi_decklink_ros2' build argument 'cmake_force_configure' from command line to 'False'
[0.220s] Level 5:colcon.colcon_core.verb:set package 'hi_decklink_ros2' build argument 'ament_cmake_args' from command line to 'None'
[0.220s] Level 5:colcon.colcon_core.verb:set package 'hi_decklink_ros2' build argument 'catkin_cmake_args' from command line to 'None'
[0.220s] Level 5:colcon.colcon_core.verb:set package 'hi_decklink_ros2' build argument 'catkin_skip_building_tests' from command line to 'False'
[0.220s] DEBUG:colcon.colcon_core.verb:Building package 'hi_decklink_ros2' with the following arguments: {'ament_cmake_args': None, 'build_base': '/home/mhenkel/Documents/hi_decklink_ros2/build/hi_decklink_ros2', 'catkin_cmake_args': None, 'catkin_skip_building_tests': False, 'cmake_args': None, 'cmake_clean_cache': False, 'cmake_clean_first': False, 'cmake_force_configure': False, 'cmake_target': None, 'cmake_target_skip_unavailable': False, 'install_base': '/home/mhenkel/Documents/hi_decklink_ros2/install/hi_decklink_ros2', 'merge_install': False, 'path': '/home/mhenkel/Documents/hi_decklink_ros2', 'symlink_install': True, 'test_result_base': None}
[0.220s] INFO:colcon.colcon_core.executor:Executing jobs using 'parallel' executor
[0.221s] DEBUG:colcon.colcon_parallel_executor.executor.parallel:run_until_complete
[0.222s] INFO:colcon.colcon_ros.task.ament_cmake.build:Building ROS package in '/home/mhenkel/Documents/hi_decklink_ros2' with build type 'ament_cmake'
[0.222s] INFO:colcon.colcon_cmake.task.cmake.build:Building CMake package in '/home/mhenkel/Documents/hi_decklink_ros2'
[0.224s] INFO:colcon.colcon_core.plugin_system:Skipping extension 'colcon_core.shell.bat': Not used on non-Windows systems
[0.224s] INFO:colcon.colcon_core.shell:Skip shell extension 'powershell' for command environment: Not usable outside of PowerShell
[0.224s] DEBUG:colcon.colcon_core.shell:Skip shell extension 'dsv' for command environment
[0.233s] DEBUG:colcon.colcon_core.event_handler.log_command:Invoking command in '/home/mhenkel/Documents/hi_decklink_ros2/build/hi_decklink_ros2': CMAKE_PREFIX_PATH=${CMAKE_PREFIX_PATH}:/opt/ros/jazzy DEBUGINFOD_URLS=https://debuginfod.ubuntu.com /usr/bin/cmake --build /home/mhenkel/Documents/hi_decklink_ros2/build/hi_decklink_ros2 -- -j8 -l8
[8.003s] DEBUG:colcon.colcon_core.event_handler.log_command:Invoked command in '/home/mhenkel/Documents/hi_decklink_ros2/build/hi_decklink_ros2' returned '0': CMAKE_PREFIX_PATH=${CMAKE_PREFIX_PATH}:/opt/ros/jazzy DEBUGINFOD_URLS=https://debuginfod.ubuntu.com /usr/bin/cmake --build /home/mhenkel/Documents/hi_decklink_ros2/build/hi_decklink_ros2 -- -j8 -l8
[8.012s] DEBUG:colcon.colcon_core.event_handler.log_command:Invoking command in '/home/mhenkel/Documents/hi_decklink_ros2/build/hi_decklink_ros2': CMAKE_PREFIX_PATH=${CMAKE_PREFIX_PATH}:/opt/ros/jazzy DEBUGINFOD_URLS=https://debuginfod.ubuntu.com /usr/bin/cmake --install /home/mhenkel/Documents/hi_decklink_ros2/build/hi_decklink_ros2
[8.032s] Level 1:colcon.colcon_core.environment:create_environment_scripts_only(hi_decklink_ros2)
[8.033s] DEBUG:colcon.colcon_core.event_handler.log_command:Invoked command in '/home/mhenkel/Documents/hi_decklink_ros2/build/hi_decklink_ros2' returned '0': CMAKE_PREFIX_PATH=${CMAKE_PREFIX_PATH}:/opt/ros/jazzy DEBUGINFOD_URLS=https://debuginfod.ubuntu.com /usr/bin/cmake --install /home/mhenkel/Documents/hi_decklink_ros2/build/hi_decklink_ros2
[8.034s] Level 1:colcon.colcon_core.environment:checking '/home/mhenkel/Documents/hi_decklink_ros2/install/hi_decklink_ros2' for CMake module files
[8.035s] Level 1:colcon.colcon_core.environment:checking '/home/mhenkel/Documents/hi_decklink_ros2/install/hi_decklink_ros2' for CMake config files
[8.035s] Level 1:colcon.colcon_core.shell:create_environment_hook('hi_decklink_ros2', 'cmake_prefix_path')
[8.036s] INFO:colcon.colcon_core.shell:Creating environment hook '/home/mhenkel/Documents/hi_decklink_ros2/install/hi_decklink_ros2/share/hi_decklink_ros2/hook/cmake_prefix_path.ps1'
[8.036s] INFO:colcon.colcon_core.shell:Creating environment descriptor '/home/mhenkel/Documents/hi_decklink_ros2/install/hi_decklink_ros2/share/hi_decklink_ros2/hook/cmake_prefix_path.dsv'
[8.037s] INFO:colcon.colcon_core.shell:Creating environment hook '/home/mhenkel/Documents/hi_decklink_ros2/install/hi_decklink_ros2/share/hi_decklink_ros2/hook/cmake_prefix_path.sh'
[8.038s] Level 1:colcon.colcon_core.environment:checking '/home/mhenkel/Documents/hi_decklink_ros2/install/hi_decklink_ros2/lib'
[8.038s] Level 1:colcon.colcon_core.environment:checking '/home/mhenkel/Documents/hi_decklink_ros2/install/hi_decklink_ros2/bin'
[8.038s] Level 1:colcon.colcon_core.environment:checking '/home/mhenkel/Documents/hi_decklink_ros2/install/hi_decklink_ros2/lib/pkgconfig/hi_decklink_ros2.pc'
[8.038s] Level 1:colcon.colcon_core.environment:checking '/home/mhenkel/Documents/hi_decklink_ros2/install/hi_decklink_ros2/lib/python3.12/site-packages'
[8.038s] Level 1:colcon.colcon_core.environment:checking '/home/mhenkel/Documents/hi_decklink_ros2/install/hi_decklink_ros2/bin'
[8.039s] INFO:colcon.colcon_core.shell:Creating package script '/home/mhenkel/Documents/hi_decklink_ros2/install/hi_decklink_ros2/share/hi_decklink_ros2/package.ps1'
[8.039s] INFO:colcon.colcon_core.shell:Creating package descriptor '/home/mhenkel/Documents/hi_decklink_ros2/install/hi_decklink_ros2/share/hi_decklink_ros2/package.dsv'
[8.040s] INFO:colcon.colcon_core.shell:Creating package script '/home/mhenkel/Documents/hi_decklink_ros2/install/hi_decklink_ros2/share/hi_decklink_ros2/package.sh'
[8.041s] INFO:colcon.colcon_core.shell:Creating package script '/home/mhenkel/Documents/hi_decklink_ros2/install/hi_decklink_ros2/share/hi_decklink_ros2/package.bash'
[8.041s] INFO:colcon.colcon_core.shell:Creating package script '/home/mhenkel/Documents/hi_decklink_ros2/install/hi_decklink_ros2/share/hi_decklink_ros2/package.zsh'
[8.042s] Level 1:colcon.colcon_core.environment:create_file_with_runtime_dependencies(/home/mhenkel/Documents/hi_decklink_ros2/install/hi_decklink_ros2/share/colcon-core/packages/hi_decklink_ros2)
[8.043s] Level 1:colcon.colcon_core.environment:create_environment_scripts_only(hi_decklink_ros2)
[8.043s] Level 1:colcon.colcon_core.environment:checking '/home/mhenkel/Documents/hi_decklink_ros2/install/hi_decklink_ros2' for CMake module files
[8.043s] Level 1:colcon.colcon_core.environment:checking '/home/mhenkel/Documents/hi_decklink_ros2/install/hi_decklink_ros2' for CMake config files
[8.044s] Level 1:colcon.colcon_core.shell:create_environment_hook('hi_decklink_ros2', 'cmake_prefix_path')
[8.044s] INFO:colcon.colcon_core.shell:Creating environment hook '/home/mhenkel/Documents/hi_decklink_ros2/install/hi_decklink_ros2/share/hi_decklink_ros2/hook/cmake_prefix_path.ps1'
[8.044s] INFO:colcon.colcon_core.shell:Creating environment descriptor '/home/mhenkel/Documents/hi_decklink_ros2/install/hi_decklink_ros2/share/hi_decklink_ros2/hook/cmake_prefix_path.dsv'
[8.045s] INFO:colcon.colcon_core.shell:Creating environment hook '/home/mhenkel/Documents/hi_decklink_ros2/install/hi_decklink_ros2/share/hi_decklink_ros2/hook/cmake_prefix_path.sh'
[8.045s] Level 1:colcon.colcon_core.environment:checking '/home/mhenkel/Documents/hi_decklink_ros2/install/hi_decklink_ros2/lib'
[8.045s] Level 1:colcon.colcon_core.environment:checking '/home/mhenkel/Documents/hi_decklink_ros2/install/hi_decklink_ros2/bin'
[8.046s] Level 1:colcon.colcon_core.environment:checking '/home/mhenkel/Documents/hi_decklink_ros2/install/hi_decklink_ros2/lib/pkgconfig/hi_decklink_ros2.pc'
[8.046s] Level 1:colcon.colcon_core.environment:checking '/home/mhenkel/Documents/hi_decklink_ros2/install/hi_decklink_ros2/lib/python3.12/site-packages'
[8.046s] Level 1:colcon.colcon_core.environment:checking '/home/mhenkel/Documents/hi_decklink_ros2/install/hi_decklink_ros2/bin'
[8.046s] INFO:colcon.colcon_core.shell:Creating package script '/home/mhenkel/Documents/hi_decklink_ros2/install/hi_decklink_ros2/share/hi_decklink_ros2/package.ps1'
[8.047s] INFO:colcon.colcon_core.shell:Creating package descriptor '/home/mhenkel/Documents/hi_decklink_ros2/install/hi_decklink_ros2/share/hi_decklink_ros2/package.dsv'
[8.047s] INFO:colcon.colcon_core.shell:Creating package script '/home/mhenkel/Documents/hi_decklink_ros2/install/hi_decklink_ros2/share/hi_decklink_ros2/package.sh'
[8.048s] INFO:colcon.colcon_core.shell:Creating package script '/home/mhenkel/Documents/hi_decklink_ros2/install/hi_decklink_ros2/share/hi_decklink_ros2/package.bash'
[8.048s] INFO:colcon.colcon_core.shell:Creating package script '/home/mhenkel/Documents/hi_decklink_ros2/install/hi_decklink_ros2/share/hi_decklink_ros2/package.zsh'
[8.049s] Level 1:colcon.colcon_core.environment:create_file_with_runtime_dependencies(/home/mhenkel/Documents/hi_decklink_ros2/install/hi_decklink_ros2/share/colcon-core/packages/hi_decklink_ros2)
[8.049s] DEBUG:colcon.colcon_parallel_executor.executor.parallel:closing loop
[8.049s] DEBUG:colcon.colcon_parallel_executor.executor.parallel:loop closed
[8.049s] DEBUG:colcon.colcon_parallel_executor.executor.parallel:run_until_complete finished with '0'
[8.049s] DEBUG:colcon.colcon_core.event_reactor:joining thread
[8.054s] INFO:colcon.colcon_core.plugin_system:Skipping extension 'colcon_notification.desktop_notification.terminal_notifier': Not used on non-Darwin systems
[8.054s] INFO:colcon.colcon_core.plugin_system:Skipping extension 'colcon_notification.desktop_notification.win32': Not used on non-Windows systems
[8.054s] INFO:colcon.colcon_notification.desktop_notification:Sending desktop notification using 'notify2'
[8.067s] DEBUG:colcon.colcon_core.event_reactor:joined thread
[8.067s] INFO:colcon.colcon_core.shell:Creating prefix script '/home/mhenkel/Documents/hi_decklink_ros2/install/local_setup.ps1'
[8.068s] INFO:colcon.colcon_core.shell:Creating prefix util module '/home/mhenkel/Documents/hi_decklink_ros2/install/_local_setup_util_ps1.py'
[8.069s] INFO:colcon.colcon_core.shell:Creating prefix chain script '/home/mhenkel/Documents/hi_decklink_ros2/install/setup.ps1'
[8.070s] INFO:colcon.colcon_core.shell:Creating prefix script '/home/mhenkel/Documents/hi_decklink_ros2/install/local_setup.sh'
[8.071s] INFO:colcon.colcon_core.shell:Creating prefix util module '/home/mhenkel/Documents/hi_decklink_ros2/install/_local_setup_util_sh.py'
[8.071s] INFO:colcon.colcon_core.shell:Creating prefix chain script '/home/mhenkel/Documents/hi_decklink_ros2/install/setup.sh'
[8.072s] INFO:colcon.colcon_core.shell:Creating prefix script '/home/mhenkel/Documents/hi_decklink_ros2/install/local_setup.bash'
[8.072s] INFO:colcon.colcon_core.shell:Creating prefix chain script '/home/mhenkel/Documents/hi_decklink_ros2/install/setup.bash'
[8.073s] INFO:colcon.colcon_core.shell:Creating prefix script '/home/mhenkel/Documents/hi_decklink_ros2/install/local_setup.zsh'
[8.073s] INFO:colcon.colcon_core.shell:Creating prefix chain script '/home/mhenkel/Documents/hi_decklink_ros2/install/setup.zsh'
